**********************************************************************
** Visual Studio 2019 Developer Command Prompt v16.11.10
** Copyright (c) 2021 Microsoft Corporation
**********************************************************************
[vcvarsall.bat] Environment initialized for: 'x86_x64'
CMake Warning (dev) in CMakeLists.txt:
  No project() command is present.  The top-level CMakeLists.txt file must
  contain a literal, direct call to the project() command.  Add a line of
  code such as

    project(ProjectName)

  near the top of the file, but after cmake_minimum_required().

  CMake is pretending there is a "project(Project)" command on the first
  line.
This warning is for project developers.  Use -Wno-dev to suppress it.

-- The C compiler identification is MSVC 19.29.30140.0
-- The CXX compiler identification is MSVC 19.29.30140.0
-- Detecting C compiler ABI info
-- Detecting C compiler ABI info - done
-- Check for working C compiler: C:/Program Files (x86)/Microsoft Visual Studio/2019/Community/VC/Tools/MSVC/14.29.30133/bin/Hostx86/x64/cl.exe - skipped
-- Detecting C compile features
-- Detecting C compile features - done
-- Detecting CXX compiler ABI info
-- Detecting CXX compiler ABI info - done
-- Check for working CXX compiler: C:/Program Files (x86)/Microsoft Visual Studio/2019/Community/VC/Tools/MSVC/14.29.30133/bin/Hostx86/x64/cl.exe - skipped
-- Detecting CXX compile features
-- Detecting CXX compile features - done
CMake Deprecation Warning at CMakeLists.txt:4 (cmake_minimum_required):
  Compatibility with CMake < 2.8.12 will be removed from a future version of
  CMake.

  Update the VERSION argument <min> value or use a ...<max> suffix to tell
  CMake that the project does not need compatibility with older versions.


-- Using CATKIN_DEVEL_PREFIX: C:/Users/trbin/Documents/GitHub/ASTRA_Arm_Inverse_Kinematics_Pre-Calculator/ArmIK/packages/matlab_msg_gen_ros1/win64/devel
-- Using CMAKE_PREFIX_PATH: C:\Program Files\MATLAB\R2021b\sys\ros1\win64\ros1;C:/Program Files/MATLAB/R2021b/toolbox/ros/mlroscpp/custom_messages
-- This workspace overlays: C:/Program Files/MATLAB/R2021b/sys/ros1/win64/ros1;C:/Program Files/MATLAB/R2021b/toolbox/ros/mlroscpp/custom_messages
-- Found PythonInterp: C:/Users/trbin/AppData/Roaming/MathWorks/MATLAB/R2021b/ros1/win64/venv/Scripts/python2.exe (found suitable version "2.7.18", minimum required is "2") 
-- Using PYTHON_EXECUTABLE: C:/Users/trbin/AppData/Roaming/MathWorks/MATLAB/R2021b/ros1/win64/venv/Scripts/python2.exe
-- Using default Python package layout
CMake Warning (dev) at C:/Program Files/CMake/share/cmake-3.22/Modules/FindPackageHandleStandardArgs.cmake:438 (message):
  The package name passed to `find_package_handle_standard_args` (PY_em) does
  not match the name of the calling package (catkin).  This can lead to
  problems in calling code that expects `find_package` result variables
  (e.g., `_FOUND`) to follow a certain pattern.
Call Stack (most recent call first):
  C:/Program Files/MATLAB/R2021b/sys/ros1/win64/ros1/share/catkin/cmake/empy.cmake:20 (find_package_handle_standard_args)
  C:/Program Files/MATLAB/R2021b/sys/ros1/win64/ros1/share/catkin/cmake/empy.cmake:27 (find_python_module)
  C:/Program Files/MATLAB/R2021b/sys/ros1/win64/ros1/share/catkin/cmake/all.cmake:164 (include)
  C:/Program Files/MATLAB/R2021b/sys/ros1/win64/ros1/share/catkin/cmake/catkinConfig.cmake:20 (include)
  CMakeLists.txt:56 (find_package)
This warning is for project developers.  Use -Wno-dev to suppress it.

-- Found PY_em: C:\Users\trbin\AppData\Roaming\MathWorks\MATLAB\R2021b\ros1\win64\venv\lib\site-packages\em.pyc  
-- Using empy: C:/Users/trbin/AppData/Roaming/MathWorks/MATLAB/R2021b/ros1/win64/venv/lib/site-packages/em.pyc
-- Using CATKIN_ENABLE_TESTING: off
-- catkin 0.7.17
-- BUILD_SHARED_LIBS is on
-- BUILD_SHARED_LIBS is on
-- ~~~~~~~~~~~~~~~~~~~~~~~~~~~~~~~~~~~~~~~~~~~~~~~~~
-- ~~  traversing 1 packages in topological order:
-- ~~  - arm_relay
-- ~~~~~~~~~~~~~~~~~~~~~~~~~~~~~~~~~~~~~~~~~~~~~~~~~
-- +++ processing catkin package: 'arm_relay'
-- ==> add_subdirectory(arm_relay)
-- Disabling the following message generators: geneus;genlisp;gennodejs
-- Using these message generators: gencpp;genpy
-- arm_relay: 2 messages, 2 services
-- Configuring done
-- Generating done
CMake Warning:
  Manually-specified variables were not used by the project:

    Boost_NAMESPACE


-- Build files have been written to: C:/Users/trbin/Documents/GitHub/ASTRA_Arm_Inverse_Kinematics_Pre-Calculator/ArmIK/packages/matlab_msg_gen_ros1/win64/build
[1/22] cmd.exe /C "cd /D C:\Users\trbin\Documents\GitHub\ASTRA_Arm_Inverse_Kinematics_Pre-Calculator\ArmIK\packages\matlab_msg_gen_ros1\win64\build\arm_relay && C:\Users\trbin\Documents\GitHub\ASTRA_Arm_Inverse_Kinematics_Pre-Calculator\ArmIK\packages\matlab_msg_gen_ros1\win64\build\catkin_generated\env_cached.bat C:/Users/trbin/AppData/Roaming/MathWorks/MATLAB/R2021b/ros1/win64/venv/Scripts/python2.exe "C:/Program Files/MATLAB/R2021b/sys/ros1/win64/ros1/share/genmsg/cmake/../../../lib/genmsg/genmsg_check_deps.py" arm_relay C:/Users/trbin/Documents/GitHub/ASTRA_Arm_Inverse_Kinematics_Pre-Calculator/ArmIK/packages/matlab_msg_gen_ros1/win64/src/arm_relay/msg/ActuatorFeedback.msg "
[2/22] cmd.exe /C "cd /D C:\Users\trbin\Documents\GitHub\ASTRA_Arm_Inverse_Kinematics_Pre-Calculator\ArmIK\packages\matlab_msg_gen_ros1\win64\build\arm_relay && C:\Users\trbin\Documents\GitHub\ASTRA_Arm_Inverse_Kinematics_Pre-Calculator\ArmIK\packages\matlab_msg_gen_ros1\win64\build\catkin_generated\env_cached.bat C:/Users/trbin/AppData/Roaming/MathWorks/MATLAB/R2021b/ros1/win64/venv/Scripts/python2.exe "C:/Program Files/MATLAB/R2021b/sys/ros1/win64/ros1/share/genmsg/cmake/../../../lib/genmsg/genmsg_check_deps.py" arm_relay C:/Users/trbin/Documents/GitHub/ASTRA_Arm_Inverse_Kinematics_Pre-Calculator/ArmIK/packages/matlab_msg_gen_ros1/win64/src/arm_relay/srv/EnableActuators.srv "
[3/22] cmd.exe /C "cd /D C:\Users\trbin\Documents\GitHub\ASTRA_Arm_Inverse_Kinematics_Pre-Calculator\ArmIK\packages\matlab_msg_gen_ros1\win64\build\arm_relay && C:\Users\trbin\Documents\GitHub\ASTRA_Arm_Inverse_Kinematics_Pre-Calculator\ArmIK\packages\matlab_msg_gen_ros1\win64\build\catkin_generated\env_cached.bat C:/Users/trbin/AppData/Roaming/MathWorks/MATLAB/R2021b/ros1/win64/venv/Scripts/python2.exe "C:/Program Files/MATLAB/R2021b/sys/ros1/win64/ros1/share/genmsg/cmake/../../../lib/genmsg/genmsg_check_deps.py" arm_relay C:/Users/trbin/Documents/GitHub/ASTRA_Arm_Inverse_Kinematics_Pre-Calculator/ArmIK/packages/matlab_msg_gen_ros1/win64/src/arm_relay/msg/JointRateCommand.msg "
[4/22] cmd.exe /C "cd /D C:\Users\trbin\Documents\GitHub\ASTRA_Arm_Inverse_Kinematics_Pre-Calculator\ArmIK\packages\matlab_msg_gen_ros1\win64\build\arm_relay && C:\Users\trbin\Documents\GitHub\ASTRA_Arm_Inverse_Kinematics_Pre-Calculator\ArmIK\packages\matlab_msg_gen_ros1\win64\build\catkin_generated\env_cached.bat C:/Users/trbin/AppData/Roaming/MathWorks/MATLAB/R2021b/ros1/win64/venv/Scripts/python2.exe "C:/Program Files/MATLAB/R2021b/sys/ros1/win64/ros1/share/genmsg/cmake/../../../lib/genmsg/genmsg_check_deps.py" arm_relay C:/Users/trbin/Documents/GitHub/ASTRA_Arm_Inverse_Kinematics_Pre-Calculator/ArmIK/packages/matlab_msg_gen_ros1/win64/src/arm_relay/srv/HomeArmBase.srv "
[5/22] Generating Python code from SRV arm_relay/HomeArmBase
[6/22] Generating Python from MSG arm_relay/ActuatorFeedback
[7/22] Generating Python from MSG arm_relay/JointRateCommand
[8/22] Generating Python code from SRV arm_relay/EnableActuators
[9/22] Generating C++ code from arm_relay/ActuatorFeedback.msg
[10/22] Generating C++ code from arm_relay/JointRateCommand.msg
[11/22] Generating Python srv __init__.py for arm_relay
[12/22] Generating Python msg __init__.py for arm_relay
[13/22] Generating C++ code from arm_relay/HomeArmBase.srv
[14/22] Generating C++ code from arm_relay/EnableActuators.srv
[15/22] Building CXX object CMakeFiles\Project__setup_util.py_exec_install_python.dir\f81e684fb9e4ff71439b2914814ce514\_setup_util.py.cpp.obj
[16/22] Linking CXX executable catkin_generated\windows_wrappers\Project__setup_util.py_exec_install_python\_setup_util.py.exe
[17/22] Building CXX object arm_relay\CMakeFiles\arm_relay_matlab.dir\src\arm_relay_JointRateCommand_message.cpp.obj
[18/22] Building CXX object arm_relay\CMakeFiles\arm_relay_matlab.dir\src\arm_relay_ActuatorFeedback_message.cpp.obj
[19/22] Building CXX object arm_relay\CMakeFiles\arm_relay_matlab.dir\src\arm_relay_EnableActuators_service.cpp.obj
[20/22] Building CXX object arm_relay\CMakeFiles\arm_relay_matlab.dir\src\arm_relay_HomeArmBase_service.cpp.obj
[21/22] Linking CXX shared library C:\Users\trbin\Documents\GitHub\ASTRA_Arm_Inverse_Kinematics_Pre-Calculator\ArmIK\packages\matlab_msg_gen_ros1\win64\devel\bin\arm_relay_matlab.dll
[21/22] Install the project...
-- Install configuration: "Release"
-- Installing: C:/Users/trbin/Documents/GitHub/ASTRA_Arm_Inverse_Kinematics_Pre-Calculator/ArmIK/packages/matlab_msg_gen_ros1/win64/install/_setup_util.py
-- Installing: C:/Users/trbin/Documents/GitHub/ASTRA_Arm_Inverse_Kinematics_Pre-Calculator/ArmIK/packages/matlab_msg_gen_ros1/win64/install/_setup_util.py.exe
-- Installing: C:/Users/trbin/Documents/GitHub/ASTRA_Arm_Inverse_Kinematics_Pre-Calculator/ArmIK/packages/matlab_msg_gen_ros1/win64/install/env.bat
-- Installing: C:/Users/trbin/Documents/GitHub/ASTRA_Arm_Inverse_Kinematics_Pre-Calculator/ArmIK/packages/matlab_msg_gen_ros1/win64/install/setup.bat
-- Installing: C:/Users/trbin/Documents/GitHub/ASTRA_Arm_Inverse_Kinematics_Pre-Calculator/ArmIK/packages/matlab_msg_gen_ros1/win64/install/local_setup.bat
-- Installing: C:/Users/trbin/Documents/GitHub/ASTRA_Arm_Inverse_Kinematics_Pre-Calculator/ArmIK/packages/matlab_msg_gen_ros1/win64/install/.rosinstall
-- Installing: C:/Users/trbin/Documents/GitHub/ASTRA_Arm_Inverse_Kinematics_Pre-Calculator/ArmIK/packages/matlab_msg_gen_ros1/win64/install/share/arm_relay/msg/ActuatorFeedback.msg
-- Installing: C:/Users/trbin/Documents/GitHub/ASTRA_Arm_Inverse_Kinematics_Pre-Calculator/ArmIK/packages/matlab_msg_gen_ros1/win64/install/share/arm_relay/msg/JointRateCommand.msg
-- Installing: C:/Users/trbin/Documents/GitHub/ASTRA_Arm_Inverse_Kinematics_Pre-Calculator/ArmIK/packages/matlab_msg_gen_ros1/win64/install/share/arm_relay/srv/EnableActuators.srv
-- Installing: C:/Users/trbin/Documents/GitHub/ASTRA_Arm_Inverse_Kinematics_Pre-Calculator/ArmIK/packages/matlab_msg_gen_ros1/win64/install/share/arm_relay/srv/HomeArmBase.srv
-- Installing: C:/Users/trbin/Documents/GitHub/ASTRA_Arm_Inverse_Kinematics_Pre-Calculator/ArmIK/packages/matlab_msg_gen_ros1/win64/install/share/arm_relay/cmake/arm_relay-msg-paths.cmake
-- Installing: C:/Users/trbin/Documents/GitHub/ASTRA_Arm_Inverse_Kinematics_Pre-Calculator/ArmIK/packages/matlab_msg_gen_ros1/win64/install/include/arm_relay
-- Installing: C:/Users/trbin/Documents/GitHub/ASTRA_Arm_Inverse_Kinematics_Pre-Calculator/ArmIK/packages/matlab_msg_gen_ros1/win64/install/include/arm_relay/ActuatorFeedback.h
-- Installing: C:/Users/trbin/Documents/GitHub/ASTRA_Arm_Inverse_Kinematics_Pre-Calculator/ArmIK/packages/matlab_msg_gen_ros1/win64/install/include/arm_relay/EnableActuators.h
-- Installing: C:/Users/trbin/Documents/GitHub/ASTRA_Arm_Inverse_Kinematics_Pre-Calculator/ArmIK/packages/matlab_msg_gen_ros1/win64/install/include/arm_relay/EnableActuatorsRequest.h
-- Installing: C:/Users/trbin/Documents/GitHub/ASTRA_Arm_Inverse_Kinematics_Pre-Calculator/ArmIK/packages/matlab_msg_gen_ros1/win64/install/include/arm_relay/EnableActuatorsResponse.h
-- Installing: C:/Users/trbin/Documents/GitHub/ASTRA_Arm_Inverse_Kinematics_Pre-Calculator/ArmIK/packages/matlab_msg_gen_ros1/win64/install/include/arm_relay/HomeArmBase.h
-- Installing: C:/Users/trbin/Documents/GitHub/ASTRA_Arm_Inverse_Kinematics_Pre-Calculator/ArmIK/packages/matlab_msg_gen_ros1/win64/install/include/arm_relay/HomeArmBaseRequest.h
-- Installing: C:/Users/trbin/Documents/GitHub/ASTRA_Arm_Inverse_Kinematics_Pre-Calculator/ArmIK/packages/matlab_msg_gen_ros1/win64/install/include/arm_relay/HomeArmBaseResponse.h
-- Installing: C:/Users/trbin/Documents/GitHub/ASTRA_Arm_Inverse_Kinematics_Pre-Calculator/ArmIK/packages/matlab_msg_gen_ros1/win64/install/include/arm_relay/JointRateCommand.h
Listing C:/Users/trbin/Documents/GitHub/ASTRA_Arm_Inverse_Kinematics_Pre-Calculator/ArmIK/packages/matlab_msg_gen_ros1/win64/devel/lib/site-packages/arm_relay ...
Compiling C:/Users/trbin/Documents/GitHub/ASTRA_Arm_Inverse_Kinematics_Pre-Calculator/ArmIK/packages/matlab_msg_gen_ros1/win64/devel/lib/site-packages/arm_relay\__init__.py ...
Listing C:/Users/trbin/Documents/GitHub/ASTRA_Arm_Inverse_Kinematics_Pre-Calculator/ArmIK/packages/matlab_msg_gen_ros1/win64/devel/lib/site-packages/arm_relay\msg ...
Compiling C:/Users/trbin/Documents/GitHub/ASTRA_Arm_Inverse_Kinematics_Pre-Calculator/ArmIK/packages/matlab_msg_gen_ros1/win64/devel/lib/site-packages/arm_relay\msg\_ActuatorFeedback.py ...
Compiling C:/Users/trbin/Documents/GitHub/ASTRA_Arm_Inverse_Kinematics_Pre-Calculator/ArmIK/packages/matlab_msg_gen_ros1/win64/devel/lib/site-packages/arm_relay\msg\_JointRateCommand.py ...
Compiling C:/Users/trbin/Documents/GitHub/ASTRA_Arm_Inverse_Kinematics_Pre-Calculator/ArmIK/packages/matlab_msg_gen_ros1/win64/devel/lib/site-packages/arm_relay\msg\__init__.py ...
Listing C:/Users/trbin/Documents/GitHub/ASTRA_Arm_Inverse_Kinematics_Pre-Calculator/ArmIK/packages/matlab_msg_gen_ros1/win64/devel/lib/site-packages/arm_relay\srv ...
Compiling C:/Users/trbin/Documents/GitHub/ASTRA_Arm_Inverse_Kinematics_Pre-Calculator/ArmIK/packages/matlab_msg_gen_ros1/win64/devel/lib/site-packages/arm_relay\srv\_EnableActuators.py ...
Compiling C:/Users/trbin/Documents/GitHub/ASTRA_Arm_Inverse_Kinematics_Pre-Calculator/ArmIK/packages/matlab_msg_gen_ros1/win64/devel/lib/site-packages/arm_relay\srv\_HomeArmBase.py ...
Compiling C:/Users/trbin/Documents/GitHub/ASTRA_Arm_Inverse_Kinematics_Pre-Calculator/ArmIK/packages/matlab_msg_gen_ros1/win64/devel/lib/site-packages/arm_relay\srv\__init__.py ...
-- Installing: C:/Users/trbin/Documents/GitHub/ASTRA_Arm_Inverse_Kinematics_Pre-Calculator/ArmIK/packages/matlab_msg_gen_ros1/win64/install/lib/site-packages/arm_relay
-- Installing: C:/Users/trbin/Documents/GitHub/ASTRA_Arm_Inverse_Kinematics_Pre-Calculator/ArmIK/packages/matlab_msg_gen_ros1/win64/install/lib/site-packages/arm_relay/msg
-- Installing: C:/Users/trbin/Documents/GitHub/ASTRA_Arm_Inverse_Kinematics_Pre-Calculator/ArmIK/packages/matlab_msg_gen_ros1/win64/install/lib/site-packages/arm_relay/msg/_ActuatorFeedback.py
-- Installing: C:/Users/trbin/Documents/GitHub/ASTRA_Arm_Inverse_Kinematics_Pre-Calculator/ArmIK/packages/matlab_msg_gen_ros1/win64/install/lib/site-packages/arm_relay/msg/_ActuatorFeedback.pyc
-- Installing: C:/Users/trbin/Documents/GitHub/ASTRA_Arm_Inverse_Kinematics_Pre-Calculator/ArmIK/packages/matlab_msg_gen_ros1/win64/install/lib/site-packages/arm_relay/msg/_JointRateCommand.py
-- Installing: C:/Users/trbin/Documents/GitHub/ASTRA_Arm_Inverse_Kinematics_Pre-Calculator/ArmIK/packages/matlab_msg_gen_ros1/win64/install/lib/site-packages/arm_relay/msg/_JointRateCommand.pyc
-- Installing: C:/Users/trbin/Documents/GitHub/ASTRA_Arm_Inverse_Kinematics_Pre-Calculator/ArmIK/packages/matlab_msg_gen_ros1/win64/install/lib/site-packages/arm_relay/msg/__init__.py
-- Installing: C:/Users/trbin/Documents/GitHub/ASTRA_Arm_Inverse_Kinematics_Pre-Calculator/ArmIK/packages/matlab_msg_gen_ros1/win64/install/lib/site-packages/arm_relay/msg/__init__.pyc
-- Installing: C:/Users/trbin/Documents/GitHub/ASTRA_Arm_Inverse_Kinematics_Pre-Calculator/ArmIK/packages/matlab_msg_gen_ros1/win64/install/lib/site-packages/arm_relay/srv
-- Installing: C:/Users/trbin/Documents/GitHub/ASTRA_Arm_Inverse_Kinematics_Pre-Calculator/ArmIK/packages/matlab_msg_gen_ros1/win64/install/lib/site-packages/arm_relay/srv/_EnableActuators.py
-- Installing: C:/Users/trbin/Documents/GitHub/ASTRA_Arm_Inverse_Kinematics_Pre-Calculator/ArmIK/packages/matlab_msg_gen_ros1/win64/install/lib/site-packages/arm_relay/srv/_EnableActuators.pyc
-- Installing: C:/Users/trbin/Documents/GitHub/ASTRA_Arm_Inverse_Kinematics_Pre-Calculator/ArmIK/packages/matlab_msg_gen_ros1/win64/install/lib/site-packages/arm_relay/srv/_HomeArmBase.py
-- Installing: C:/Users/trbin/Documents/GitHub/ASTRA_Arm_Inverse_Kinematics_Pre-Calculator/ArmIK/packages/matlab_msg_gen_ros1/win64/install/lib/site-packages/arm_relay/srv/_HomeArmBase.pyc
-- Installing: C:/Users/trbin/Documents/GitHub/ASTRA_Arm_Inverse_Kinematics_Pre-Calculator/ArmIK/packages/matlab_msg_gen_ros1/win64/install/lib/site-packages/arm_relay/srv/__init__.py
-- Installing: C:/Users/trbin/Documents/GitHub/ASTRA_Arm_Inverse_Kinematics_Pre-Calculator/ArmIK/packages/matlab_msg_gen_ros1/win64/install/lib/site-packages/arm_relay/srv/__init__.pyc
-- Installing: C:/Users/trbin/Documents/GitHub/ASTRA_Arm_Inverse_Kinematics_Pre-Calculator/ArmIK/packages/matlab_msg_gen_ros1/win64/install/lib/site-packages/arm_relay/__init__.py
-- Installing: C:/Users/trbin/Documents/GitHub/ASTRA_Arm_Inverse_Kinematics_Pre-Calculator/ArmIK/packages/matlab_msg_gen_ros1/win64/install/lib/site-packages/arm_relay/__init__.pyc
-- Installing: C:/Users/trbin/Documents/GitHub/ASTRA_Arm_Inverse_Kinematics_Pre-Calculator/ArmIK/packages/matlab_msg_gen_ros1/win64/install/lib/pkgconfig/arm_relay.pc
-- Installing: C:/Users/trbin/Documents/GitHub/ASTRA_Arm_Inverse_Kinematics_Pre-Calculator/ArmIK/packages/matlab_msg_gen_ros1/win64/install/share/arm_relay/cmake/arm_relay-msg-extras.cmake
-- Installing: C:/Users/trbin/Documents/GitHub/ASTRA_Arm_Inverse_Kinematics_Pre-Calculator/ArmIK/packages/matlab_msg_gen_ros1/win64/install/share/arm_relay/cmake/arm_relayConfig.cmake
-- Installing: C:/Users/trbin/Documents/GitHub/ASTRA_Arm_Inverse_Kinematics_Pre-Calculator/ArmIK/packages/matlab_msg_gen_ros1/win64/install/share/arm_relay/cmake/arm_relayConfig-version.cmake
-- Installing: C:/Users/trbin/Documents/GitHub/ASTRA_Arm_Inverse_Kinematics_Pre-Calculator/ArmIK/packages/matlab_msg_gen_ros1/win64/install/share/arm_relay/package.xml
-- Up-to-date: C:/Users/trbin/Documents/GitHub/ASTRA_Arm_Inverse_Kinematics_Pre-Calculator/ArmIK/packages/matlab_msg_gen_ros1/win64/install/include
-- Up-to-date: C:/Users/trbin/Documents/GitHub/ASTRA_Arm_Inverse_Kinematics_Pre-Calculator/ArmIK/packages/matlab_msg_gen_ros1/win64/install/include/arm_relay
-- Installing: C:/Users/trbin/Documents/GitHub/ASTRA_Arm_Inverse_Kinematics_Pre-Calculator/ArmIK/packages/matlab_msg_gen_ros1/win64/install/include/arm_relay/visibility_control.h
-- Installing: C:/Users/trbin/Documents/GitHub/ASTRA_Arm_Inverse_Kinematics_Pre-Calculator/ArmIK/packages/matlab_msg_gen_ros1/win64/install/lib/arm_relay_matlab.lib
-- Installing: C:/Users/trbin/Documents/GitHub/ASTRA_Arm_Inverse_Kinematics_Pre-Calculator/ArmIK/packages/matlab_msg_gen_ros1/win64/install/bin/arm_relay_matlab.dll
-- Installing: C:/Users/trbin/Documents/GitHub/ASTRA_Arm_Inverse_Kinematics_Pre-Calculator/ArmIK/packages/matlab_msg_gen_ros1/win64/install/m/
-- Installing: C:/Users/trbin/Documents/GitHub/ASTRA_Arm_Inverse_Kinematics_Pre-Calculator/ArmIK/packages/matlab_msg_gen_ros1/win64/install/m//+ros
-- Installing: C:/Users/trbin/Documents/GitHub/ASTRA_Arm_Inverse_Kinematics_Pre-Calculator/ArmIK/packages/matlab_msg_gen_ros1/win64/install/m//+ros/+internal
-- Installing: C:/Users/trbin/Documents/GitHub/ASTRA_Arm_Inverse_Kinematics_Pre-Calculator/ArmIK/packages/matlab_msg_gen_ros1/win64/install/m//+ros/+internal/+ros
-- Installing: C:/Users/trbin/Documents/GitHub/ASTRA_Arm_Inverse_Kinematics_Pre-Calculator/ArmIK/packages/matlab_msg_gen_ros1/win64/install/m//+ros/+internal/+ros/+custommessages
-- Installing: C:/Users/trbin/Documents/GitHub/ASTRA_Arm_Inverse_Kinematics_Pre-Calculator/ArmIK/packages/matlab_msg_gen_ros1/win64/install/m//+ros/+internal/+ros/+custommessages/+arm_relay
-- Installing: C:/Users/trbin/Documents/GitHub/ASTRA_Arm_Inverse_Kinematics_Pre-Calculator/ArmIK/packages/matlab_msg_gen_ros1/win64/install/m//+ros/+internal/+ros/+custommessages/+arm_relay/actuatorFeedback.m
-- Installing: C:/Users/trbin/Documents/GitHub/ASTRA_Arm_Inverse_Kinematics_Pre-Calculator/ArmIK/packages/matlab_msg_gen_ros1/win64/install/m//+ros/+internal/+ros/+custommessages/+arm_relay/enableActuatorsRequest.m
-- Installing: C:/Users/trbin/Documents/GitHub/ASTRA_Arm_Inverse_Kinematics_Pre-Calculator/ArmIK/packages/matlab_msg_gen_ros1/win64/install/m//+ros/+internal/+ros/+custommessages/+arm_relay/enableActuatorsResponse.m
-- Installing: C:/Users/trbin/Documents/GitHub/ASTRA_Arm_Inverse_Kinematics_Pre-Calculator/ArmIK/packages/matlab_msg_gen_ros1/win64/install/m//+ros/+internal/+ros/+custommessages/+arm_relay/homeArmBaseRequest.m
-- Installing: C:/Users/trbin/Documents/GitHub/ASTRA_Arm_Inverse_Kinematics_Pre-Calculator/ArmIK/packages/matlab_msg_gen_ros1/win64/install/m//+ros/+internal/+ros/+custommessages/+arm_relay/homeArmBaseResponse.m
-- Installing: C:/Users/trbin/Documents/GitHub/ASTRA_Arm_Inverse_Kinematics_Pre-Calculator/ArmIK/packages/matlab_msg_gen_ros1/win64/install/m//+ros/+internal/+ros/+custommessages/+arm_relay/jointRateCommand.m
-- Installing: C:/Users/trbin/Documents/GitHub/ASTRA_Arm_Inverse_Kinematics_Pre-Calculator/ArmIK/packages/matlab_msg_gen_ros1/win64/install/m//+ros/+msggen
-- Installing: C:/Users/trbin/Documents/GitHub/ASTRA_Arm_Inverse_Kinematics_Pre-Calculator/ArmIK/packages/matlab_msg_gen_ros1/win64/install/m//+ros/+msggen/+arm_relay
-- Installing: C:/Users/trbin/Documents/GitHub/ASTRA_Arm_Inverse_Kinematics_Pre-Calculator/ArmIK/packages/matlab_msg_gen_ros1/win64/install/m//+ros/+msggen/+arm_relay/ActuatorFeedback.m
-- Installing: C:/Users/trbin/Documents/GitHub/ASTRA_Arm_Inverse_Kinematics_Pre-Calculator/ArmIK/packages/matlab_msg_gen_ros1/win64/install/m//+ros/+msggen/+arm_relay/EnableActuatorsRequest.m
-- Installing: C:/Users/trbin/Documents/GitHub/ASTRA_Arm_Inverse_Kinematics_Pre-Calculator/ArmIK/packages/matlab_msg_gen_ros1/win64/install/m//+ros/+msggen/+arm_relay/EnableActuatorsResponse.m
-- Installing: C:/Users/trbin/Documents/GitHub/ASTRA_Arm_Inverse_Kinematics_Pre-Calculator/ArmIK/packages/matlab_msg_gen_ros1/win64/install/m//+ros/+msggen/+arm_relay/HomeArmBaseRequest.m
-- Installing: C:/Users/trbin/Documents/GitHub/ASTRA_Arm_Inverse_Kinematics_Pre-Calculator/ArmIK/packages/matlab_msg_gen_ros1/win64/install/m//+ros/+msggen/+arm_relay/HomeArmBaseResponse.m
-- Installing: C:/Users/trbin/Documents/GitHub/ASTRA_Arm_Inverse_Kinematics_Pre-Calculator/ArmIK/packages/matlab_msg_gen_ros1/win64/install/m//+ros/+msggen/+arm_relay/JointRateCommand.m
Base path: C:\Users\trbin\Documents\GitHub\ASTRA_Arm_Inverse_Kinematics_Pre-Calculator\ArmIK\packages\matlab_msg_gen_ros1\win64
Source space: C:\Users\trbin\Documents\GitHub\ASTRA_Arm_Inverse_Kinematics_Pre-Calculator\ArmIK\packages\matlab_msg_gen_ros1\win64\src
Build space: C:\Users\trbin\Documents\GitHub\ASTRA_Arm_Inverse_Kinematics_Pre-Calculator\ArmIK\packages\matlab_msg_gen_ros1\win64\build
Devel space: C:\Users\trbin\Documents\GitHub\ASTRA_Arm_Inverse_Kinematics_Pre-Calculator\ArmIK\packages\matlab_msg_gen_ros1\win64\devel
Install space: C:\Users\trbin\Documents\GitHub\ASTRA_Arm_Inverse_Kinematics_Pre-Calculator\ArmIK\packages\matlab_msg_gen_ros1\win64\install
Copying file from "C:\PROGRA~1\MATLAB\R2021b\sys\ros1\win64\ros1\share\catkin\cmake\toplevel.cmake" to "C:\Users\trbin\Documents\GitHub\ASTRA_Arm_Inverse_Kinematics_Pre-Calculator\ArmIK\packages\matlab_msg_gen_ros1\win64\src\CMakeLists.txt"
####
#### Running command: "cmake C:\Users\trbin\Documents\GitHub\ASTRA_Arm_Inverse_Kinematics_Pre-Calculator\ArmIK\packages\matlab_msg_gen_ros1\win64\src -DBoost_NAMESPACE=mwboost -DCATKIN_ENABLE_TESTING=off -DCMAKE_CXX_COMPILER=cl.exe -DCMAKE_C_COMPILER=cl.exe -DCMAKE_LINKER=link.exe -DMSVC_TOOLSET_VERSION=141 -DCMAKE_PREFIX_PATH=C:\Program Files\MATLAB\R2021b\sys\ros1\win64\ros1;C:/Program Files/MATLAB/R2021b/toolbox/ros/mlroscpp/custom_messages -DCMAKE_BUILD_TYPE=Release -DCMAKE_CXX_FLAGS_RELEASE=/MD /Od /Ob2 /DNDEBUG -DCATKIN_DEVEL_PREFIX=C:\Users\trbin\Documents\GitHub\ASTRA_Arm_Inverse_Kinematics_Pre-Calculator\ArmIK\packages\matlab_msg_gen_ros1\win64\devel -DCMAKE_INSTALL_PREFIX=C:\Users\trbin\Documents\GitHub\ASTRA_Arm_Inverse_Kinematics_Pre-Calculator\ArmIK\packages\matlab_msg_gen_ros1\win64\install -G Ninja" in "C:\Users\trbin\Documents\GitHub\ASTRA_Arm_Inverse_Kinematics_Pre-Calculator\ArmIK\packages\matlab_msg_gen_ros1\win64\build"
####
####
#### Running command: "ninja install install -j12 -l12" in "C:\Users\trbin\Documents\GitHub\ASTRA_Arm_Inverse_Kinematics_Pre-Calculator\ArmIK\packages\matlab_msg_gen_ros1\win64\build"
####
