**********************************************************************
** Visual Studio 2019 Developer Command Prompt v16.11.10
** Copyright (c) 2021 Microsoft Corporation
**********************************************************************
[vcvarsall.bat] Environment initialized for: 'x86_x64'
CMake Warning (dev) in CMakeLists.txt:
  No project() command is present.  The top-level CMakeLists.txt file must
  contain a literal, direct call to the project() command.  Add a line of
  code such as

    project(ProjectName)

  near the top of the file, but after cmake_minimum_required().

  CMake is pretending there is a "project(Project)" command on the first
  line.
This warning is for project developers.  Use -Wno-dev to suppress it.

CMake Deprecation Warning at CMakeLists.txt:4 (cmake_minimum_required):
  Compatibility with CMake < 2.8.12 will be removed from a future version of
  CMake.

  Update the VERSION argument <min> value or use a ...<max> suffix to tell
  CMake that the project does not need compatibility with older versions.


-- Using CATKIN_DEVEL_PREFIX: C:/Users/trbin/Documents/GitHub/ASTRA_Arm_Inverse_Kinematics_Pre-Calculator/ArmIK/packages/matlab_msg_gen_ros1/win64/devel
-- Using CMAKE_PREFIX_PATH: C:\Program Files\MATLAB\R2021b\sys\ros1\win64\ros1;C:/Program Files/MATLAB/R2021b/toolbox/ros/mlroscpp/custom_messages
-- This workspace overlays: C:/Program Files/MATLAB/R2021b/sys/ros1/win64/ros1;C:/Program Files/MATLAB/R2021b/toolbox/ros/mlroscpp/custom_messages
-- Using PYTHON_EXECUTABLE: C:/Users/trbin/AppData/Roaming/MathWorks/MATLAB/R2021b/ros1/win64/venv/Scripts/python2.exe
-- Using default Python package layout
-- Using empy: C:/Users/trbin/AppData/Roaming/MathWorks/MATLAB/R2021b/ros1/win64/venv/lib/site-packages/em.pyc
-- Using CATKIN_ENABLE_TESTING: off
-- catkin 0.7.17
-- BUILD_SHARED_LIBS is on
-- BUILD_SHARED_LIBS is on
-- ~~~~~~~~~~~~~~~~~~~~~~~~~~~~~~~~~~~~~~~~~~~~~~~~~
-- ~~  traversing 3 packages in topological order:
-- ~~  - arm_relay
-- ~~  - end_effector_control
-- ~~  - endeffector_controller
-- ~~~~~~~~~~~~~~~~~~~~~~~~~~~~~~~~~~~~~~~~~~~~~~~~~
-- +++ processing catkin package: 'arm_relay'
-- ==> add_subdirectory(arm_relay)
-- Disabling the following message generators: geneus;genlisp;gennodejs
-- Using these message generators: gencpp;genpy
-- arm_relay: 2 messages, 2 services
-- +++ processing catkin package: 'end_effector_control'
-- ==> add_subdirectory(end_effector_control)
-- Disabling the following message generators: geneus;genlisp;gennodejs
-- Using these message generators: gencpp;genpy
-- end_effector_control: 2 messages, 2 services
-- +++ processing catkin package: 'endeffector_controller'
-- ==> add_subdirectory(endeffector_controller)
-- Disabling the following message generators: geneus;genlisp;gennodejs
-- Using these message generators: gencpp;genpy
-- endeffector_controller: 2 messages, 2 services
-- Configuring done
CMake Warning in endeffector_controller/CMakeLists.txt:
  The object file directory

    C:/Users/trbin/Documents/GitHub/ASTRA_Arm_Inverse_Kinematics_Pre-Calculator/ArmIK/packages/matlab_msg_gen_ros1/win64/build/endeffector_controller/CMakeFiles/endeffector_controller_matlab.dir/./

  has 193 characters.  The maximum full path to an object file is 250
  characters (see CMAKE_OBJECT_PATH_MAX).  Object file

    src/endeffector_controller_ActuatorFeedback_message.cpp.obj

  cannot be safely placed under this directory.  The build may not work
  correctly.


-- Generating done
-- Build files have been written to: C:/Users/trbin/Documents/GitHub/ASTRA_Arm_Inverse_Kinematics_Pre-Calculator/ArmIK/packages/matlab_msg_gen_ros1/win64/build
[1/28] cmd.exe /C "cd /D C:\Users\trbin\Documents\GitHub\ASTRA_Arm_Inverse_Kinematics_Pre-Calculator\ArmIK\packages\matlab_msg_gen_ros1\win64\build\arm_relay && C:\Users\trbin\Documents\GitHub\ASTRA_Arm_Inverse_Kinematics_Pre-Calculator\ArmIK\packages\matlab_msg_gen_ros1\win64\build\catkin_generated\env_cached.bat C:/Users/trbin/AppData/Roaming/MathWorks/MATLAB/R2021b/ros1/win64/venv/Scripts/python2.exe "C:/Program Files/MATLAB/R2021b/sys/ros1/win64/ros1/share/genmsg/cmake/../../../lib/genmsg/genmsg_check_deps.py" arm_relay C:/Users/trbin/Documents/GitHub/ASTRA_Arm_Inverse_Kinematics_Pre-Calculator/ArmIK/packages/matlab_msg_gen_ros1/win64/src/arm_relay/srv/HomeArmBase.srv "
[2/28] cmd.exe /C "cd /D C:\Users\trbin\Documents\GitHub\ASTRA_Arm_Inverse_Kinematics_Pre-Calculator\ArmIK\packages\matlab_msg_gen_ros1\win64\build\arm_relay && C:\Users\trbin\Documents\GitHub\ASTRA_Arm_Inverse_Kinematics_Pre-Calculator\ArmIK\packages\matlab_msg_gen_ros1\win64\build\catkin_generated\env_cached.bat C:/Users/trbin/AppData/Roaming/MathWorks/MATLAB/R2021b/ros1/win64/venv/Scripts/python2.exe "C:/Program Files/MATLAB/R2021b/sys/ros1/win64/ros1/share/genmsg/cmake/../../../lib/genmsg/genmsg_check_deps.py" arm_relay C:/Users/trbin/Documents/GitHub/ASTRA_Arm_Inverse_Kinematics_Pre-Calculator/ArmIK/packages/matlab_msg_gen_ros1/win64/src/arm_relay/msg/ActuatorFeedback.msg "
[3/28] cmd.exe /C "cd /D C:\Users\trbin\Documents\GitHub\ASTRA_Arm_Inverse_Kinematics_Pre-Calculator\ArmIK\packages\matlab_msg_gen_ros1\win64\build\arm_relay && C:\Users\trbin\Documents\GitHub\ASTRA_Arm_Inverse_Kinematics_Pre-Calculator\ArmIK\packages\matlab_msg_gen_ros1\win64\build\catkin_generated\env_cached.bat C:/Users/trbin/AppData/Roaming/MathWorks/MATLAB/R2021b/ros1/win64/venv/Scripts/python2.exe "C:/Program Files/MATLAB/R2021b/sys/ros1/win64/ros1/share/genmsg/cmake/../../../lib/genmsg/genmsg_check_deps.py" arm_relay C:/Users/trbin/Documents/GitHub/ASTRA_Arm_Inverse_Kinematics_Pre-Calculator/ArmIK/packages/matlab_msg_gen_ros1/win64/src/arm_relay/msg/JointRateCommand.msg "
[4/28] cmd.exe /C "cd /D C:\Users\trbin\Documents\GitHub\ASTRA_Arm_Inverse_Kinematics_Pre-Calculator\ArmIK\packages\matlab_msg_gen_ros1\win64\build\arm_relay && C:\Users\trbin\Documents\GitHub\ASTRA_Arm_Inverse_Kinematics_Pre-Calculator\ArmIK\packages\matlab_msg_gen_ros1\win64\build\catkin_generated\env_cached.bat C:/Users/trbin/AppData/Roaming/MathWorks/MATLAB/R2021b/ros1/win64/venv/Scripts/python2.exe "C:/Program Files/MATLAB/R2021b/sys/ros1/win64/ros1/share/genmsg/cmake/../../../lib/genmsg/genmsg_check_deps.py" arm_relay C:/Users/trbin/Documents/GitHub/ASTRA_Arm_Inverse_Kinematics_Pre-Calculator/ArmIK/packages/matlab_msg_gen_ros1/win64/src/arm_relay/srv/EnableActuators.srv "
[5/28] cmd.exe /C "cd /D C:\Users\trbin\Documents\GitHub\ASTRA_Arm_Inverse_Kinematics_Pre-Calculator\ArmIK\packages\matlab_msg_gen_ros1\win64\build\end_effector_control && C:\Users\trbin\Documents\GitHub\ASTRA_Arm_Inverse_Kinematics_Pre-Calculator\ArmIK\packages\matlab_msg_gen_ros1\win64\build\catkin_generated\env_cached.bat C:/Users/trbin/AppData/Roaming/MathWorks/MATLAB/R2021b/ros1/win64/venv/Scripts/python2.exe "C:/Program Files/MATLAB/R2021b/sys/ros1/win64/ros1/share/genmsg/cmake/../../../lib/genmsg/genmsg_check_deps.py" end_effector_control C:/Users/trbin/Documents/GitHub/ASTRA_Arm_Inverse_Kinematics_Pre-Calculator/ArmIK/packages/matlab_msg_gen_ros1/win64/src/end_effector_control/srv/Home.srv "
[6/28] cmd.exe /C "cd /D C:\Users\trbin\Documents\GitHub\ASTRA_Arm_Inverse_Kinematics_Pre-Calculator\ArmIK\packages\matlab_msg_gen_ros1\win64\build\end_effector_control && C:\Users\trbin\Documents\GitHub\ASTRA_Arm_Inverse_Kinematics_Pre-Calculator\ArmIK\packages\matlab_msg_gen_ros1\win64\build\catkin_generated\env_cached.bat C:/Users/trbin/AppData/Roaming/MathWorks/MATLAB/R2021b/ros1/win64/venv/Scripts/python2.exe "C:/Program Files/MATLAB/R2021b/sys/ros1/win64/ros1/share/genmsg/cmake/../../../lib/genmsg/genmsg_check_deps.py" end_effector_control C:/Users/trbin/Documents/GitHub/ASTRA_Arm_Inverse_Kinematics_Pre-Calculator/ArmIK/packages/matlab_msg_gen_ros1/win64/src/end_effector_control/msg/ActuatorFeedback.msg "
[7/28] cmd.exe /C "cd /D C:\Users\trbin\Documents\GitHub\ASTRA_Arm_Inverse_Kinematics_Pre-Calculator\ArmIK\packages\matlab_msg_gen_ros1\win64\build\endeffector_controller && C:\Users\trbin\Documents\GitHub\ASTRA_Arm_Inverse_Kinematics_Pre-Calculator\ArmIK\packages\matlab_msg_gen_ros1\win64\build\catkin_generated\env_cached.bat C:/Users/trbin/AppData/Roaming/MathWorks/MATLAB/R2021b/ros1/win64/venv/Scripts/python2.exe "C:/Program Files/MATLAB/R2021b/sys/ros1/win64/ros1/share/genmsg/cmake/../../../lib/genmsg/genmsg_check_deps.py" endeffector_controller C:/Users/trbin/Documents/GitHub/ASTRA_Arm_Inverse_Kinematics_Pre-Calculator/ArmIK/packages/matlab_msg_gen_ros1/win64/src/endeffector_controller/msg/JointRateCommand.msg "
[8/28] cmd.exe /C "cd /D C:\Users\trbin\Documents\GitHub\ASTRA_Arm_Inverse_Kinematics_Pre-Calculator\ArmIK\packages\matlab_msg_gen_ros1\win64\build\end_effector_control && C:\Users\trbin\Documents\GitHub\ASTRA_Arm_Inverse_Kinematics_Pre-Calculator\ArmIK\packages\matlab_msg_gen_ros1\win64\build\catkin_generated\env_cached.bat C:/Users/trbin/AppData/Roaming/MathWorks/MATLAB/R2021b/ros1/win64/venv/Scripts/python2.exe "C:/Program Files/MATLAB/R2021b/sys/ros1/win64/ros1/share/genmsg/cmake/../../../lib/genmsg/genmsg_check_deps.py" end_effector_control C:/Users/trbin/Documents/GitHub/ASTRA_Arm_Inverse_Kinematics_Pre-Calculator/ArmIK/packages/matlab_msg_gen_ros1/win64/src/end_effector_control/srv/EnableServos.srv "
[9/28] cmd.exe /C "cd /D C:\Users\trbin\Documents\GitHub\ASTRA_Arm_Inverse_Kinematics_Pre-Calculator\ArmIK\packages\matlab_msg_gen_ros1\win64\build\endeffector_controller && C:\Users\trbin\Documents\GitHub\ASTRA_Arm_Inverse_Kinematics_Pre-Calculator\ArmIK\packages\matlab_msg_gen_ros1\win64\build\catkin_generated\env_cached.bat C:/Users/trbin/AppData/Roaming/MathWorks/MATLAB/R2021b/ros1/win64/venv/Scripts/python2.exe "C:/Program Files/MATLAB/R2021b/sys/ros1/win64/ros1/share/genmsg/cmake/../../../lib/genmsg/genmsg_check_deps.py" endeffector_controller C:/Users/trbin/Documents/GitHub/ASTRA_Arm_Inverse_Kinematics_Pre-Calculator/ArmIK/packages/matlab_msg_gen_ros1/win64/src/endeffector_controller/msg/ActuatorFeedback.msg "
[10/28] cmd.exe /C "cd /D C:\Users\trbin\Documents\GitHub\ASTRA_Arm_Inverse_Kinematics_Pre-Calculator\ArmIK\packages\matlab_msg_gen_ros1\win64\build\endeffector_controller && C:\Users\trbin\Documents\GitHub\ASTRA_Arm_Inverse_Kinematics_Pre-Calculator\ArmIK\packages\matlab_msg_gen_ros1\win64\build\catkin_generated\env_cached.bat C:/Users/trbin/AppData/Roaming/MathWorks/MATLAB/R2021b/ros1/win64/venv/Scripts/python2.exe "C:/Program Files/MATLAB/R2021b/sys/ros1/win64/ros1/share/genmsg/cmake/../../../lib/genmsg/genmsg_check_deps.py" endeffector_controller C:/Users/trbin/Documents/GitHub/ASTRA_Arm_Inverse_Kinematics_Pre-Calculator/ArmIK/packages/matlab_msg_gen_ros1/win64/src/endeffector_controller/srv/Home.srv "
[11/28] cmd.exe /C "cd /D C:\Users\trbin\Documents\GitHub\ASTRA_Arm_Inverse_Kinematics_Pre-Calculator\ArmIK\packages\matlab_msg_gen_ros1\win64\build\endeffector_controller && C:\Users\trbin\Documents\GitHub\ASTRA_Arm_Inverse_Kinematics_Pre-Calculator\ArmIK\packages\matlab_msg_gen_ros1\win64\build\catkin_generated\env_cached.bat C:/Users/trbin/AppData/Roaming/MathWorks/MATLAB/R2021b/ros1/win64/venv/Scripts/python2.exe "C:/Program Files/MATLAB/R2021b/sys/ros1/win64/ros1/share/genmsg/cmake/../../../lib/genmsg/genmsg_check_deps.py" endeffector_controller C:/Users/trbin/Documents/GitHub/ASTRA_Arm_Inverse_Kinematics_Pre-Calculator/ArmIK/packages/matlab_msg_gen_ros1/win64/src/endeffector_controller/srv/EnableServos.srv "
[12/28] cmd.exe /C "cd /D C:\Users\trbin\Documents\GitHub\ASTRA_Arm_Inverse_Kinematics_Pre-Calculator\ArmIK\packages\matlab_msg_gen_ros1\win64\build\end_effector_control && C:\Users\trbin\Documents\GitHub\ASTRA_Arm_Inverse_Kinematics_Pre-Calculator\ArmIK\packages\matlab_msg_gen_ros1\win64\build\catkin_generated\env_cached.bat C:/Users/trbin/AppData/Roaming/MathWorks/MATLAB/R2021b/ros1/win64/venv/Scripts/python2.exe "C:/Program Files/MATLAB/R2021b/sys/ros1/win64/ros1/share/genmsg/cmake/../../../lib/genmsg/genmsg_check_deps.py" end_effector_control C:/Users/trbin/Documents/GitHub/ASTRA_Arm_Inverse_Kinematics_Pre-Calculator/ArmIK/packages/matlab_msg_gen_ros1/win64/src/end_effector_control/msg/JointRateCommand.msg "
[13/28] Generating Python code from SRV endeffector_controller/Home
[14/28] Generating Python from MSG endeffector_controller/ActuatorFeedback
[15/28] Generating Python code from SRV endeffector_controller/EnableServos
[16/28] Generating Python from MSG endeffector_controller/JointRateCommand
[17/28] Generating C++ code from endeffector_controller/ActuatorFeedback.msg
[18/28] Generating C++ code from endeffector_controller/JointRateCommand.msg
[19/28] Generating Python srv __init__.py for endeffector_controller
[20/28] Generating Python msg __init__.py for endeffector_controller
[21/28] Generating C++ code from endeffector_controller/Home.srv
[22/28] Generating C++ code from endeffector_controller/EnableServos.srv
[23/28] Building CXX object endeffector_controller\CMakeFiles\endeffector_controller_matlab.dir\src\endeffector_controller_ActuatorFeedback_message.cpp.obj
[24/28] Building CXX object endeffector_controller\CMakeFiles\endeffector_controller_matlab.dir\src\endeffector_controller_JointRateCommand_message.cpp.obj
[25/28] Building CXX object endeffector_controller\CMakeFiles\endeffector_controller_matlab.dir\src\endeffector_controller_EnableServos_service.cpp.obj
[26/28] Building CXX object endeffector_controller\CMakeFiles\endeffector_controller_matlab.dir\src\endeffector_controller_Home_service.cpp.obj
[27/28] Linking CXX shared library C:\Users\trbin\Documents\GitHub\ASTRA_Arm_Inverse_Kinematics_Pre-Calculator\ArmIK\packages\matlab_msg_gen_ros1\win64\devel\bin\endeffector_controller_matlab.dll
[27/28] Install the project...
-- Install configuration: "Release"
-- Installing: C:/Users/trbin/Documents/GitHub/ASTRA_Arm_Inverse_Kinematics_Pre-Calculator/ArmIK/packages/matlab_msg_gen_ros1/win64/install/_setup_util.py
-- Up-to-date: C:/Users/trbin/Documents/GitHub/ASTRA_Arm_Inverse_Kinematics_Pre-Calculator/ArmIK/packages/matlab_msg_gen_ros1/win64/install/_setup_util.py.exe
-- Up-to-date: C:/Users/trbin/Documents/GitHub/ASTRA_Arm_Inverse_Kinematics_Pre-Calculator/ArmIK/packages/matlab_msg_gen_ros1/win64/install/env.bat
-- Up-to-date: C:/Users/trbin/Documents/GitHub/ASTRA_Arm_Inverse_Kinematics_Pre-Calculator/ArmIK/packages/matlab_msg_gen_ros1/win64/install/setup.bat
-- Up-to-date: C:/Users/trbin/Documents/GitHub/ASTRA_Arm_Inverse_Kinematics_Pre-Calculator/ArmIK/packages/matlab_msg_gen_ros1/win64/install/local_setup.bat
-- Up-to-date: C:/Users/trbin/Documents/GitHub/ASTRA_Arm_Inverse_Kinematics_Pre-Calculator/ArmIK/packages/matlab_msg_gen_ros1/win64/install/.rosinstall
-- Up-to-date: C:/Users/trbin/Documents/GitHub/ASTRA_Arm_Inverse_Kinematics_Pre-Calculator/ArmIK/packages/matlab_msg_gen_ros1/win64/install/share/arm_relay/msg/ActuatorFeedback.msg
-- Up-to-date: C:/Users/trbin/Documents/GitHub/ASTRA_Arm_Inverse_Kinematics_Pre-Calculator/ArmIK/packages/matlab_msg_gen_ros1/win64/install/share/arm_relay/msg/JointRateCommand.msg
-- Up-to-date: C:/Users/trbin/Documents/GitHub/ASTRA_Arm_Inverse_Kinematics_Pre-Calculator/ArmIK/packages/matlab_msg_gen_ros1/win64/install/share/arm_relay/srv/EnableActuators.srv
-- Up-to-date: C:/Users/trbin/Documents/GitHub/ASTRA_Arm_Inverse_Kinematics_Pre-Calculator/ArmIK/packages/matlab_msg_gen_ros1/win64/install/share/arm_relay/srv/HomeArmBase.srv
-- Up-to-date: C:/Users/trbin/Documents/GitHub/ASTRA_Arm_Inverse_Kinematics_Pre-Calculator/ArmIK/packages/matlab_msg_gen_ros1/win64/install/share/arm_relay/cmake/arm_relay-msg-paths.cmake
-- Up-to-date: C:/Users/trbin/Documents/GitHub/ASTRA_Arm_Inverse_Kinematics_Pre-Calculator/ArmIK/packages/matlab_msg_gen_ros1/win64/install/include/arm_relay
-- Up-to-date: C:/Users/trbin/Documents/GitHub/ASTRA_Arm_Inverse_Kinematics_Pre-Calculator/ArmIK/packages/matlab_msg_gen_ros1/win64/install/include/arm_relay/ActuatorFeedback.h
-- Up-to-date: C:/Users/trbin/Documents/GitHub/ASTRA_Arm_Inverse_Kinematics_Pre-Calculator/ArmIK/packages/matlab_msg_gen_ros1/win64/install/include/arm_relay/EnableActuators.h
-- Up-to-date: C:/Users/trbin/Documents/GitHub/ASTRA_Arm_Inverse_Kinematics_Pre-Calculator/ArmIK/packages/matlab_msg_gen_ros1/win64/install/include/arm_relay/EnableActuatorsRequest.h
-- Up-to-date: C:/Users/trbin/Documents/GitHub/ASTRA_Arm_Inverse_Kinematics_Pre-Calculator/ArmIK/packages/matlab_msg_gen_ros1/win64/install/include/arm_relay/EnableActuatorsResponse.h
-- Up-to-date: C:/Users/trbin/Documents/GitHub/ASTRA_Arm_Inverse_Kinematics_Pre-Calculator/ArmIK/packages/matlab_msg_gen_ros1/win64/install/include/arm_relay/HomeArmBase.h
-- Up-to-date: C:/Users/trbin/Documents/GitHub/ASTRA_Arm_Inverse_Kinematics_Pre-Calculator/ArmIK/packages/matlab_msg_gen_ros1/win64/install/include/arm_relay/HomeArmBaseRequest.h
-- Up-to-date: C:/Users/trbin/Documents/GitHub/ASTRA_Arm_Inverse_Kinematics_Pre-Calculator/ArmIK/packages/matlab_msg_gen_ros1/win64/install/include/arm_relay/HomeArmBaseResponse.h
-- Up-to-date: C:/Users/trbin/Documents/GitHub/ASTRA_Arm_Inverse_Kinematics_Pre-Calculator/ArmIK/packages/matlab_msg_gen_ros1/win64/install/include/arm_relay/JointRateCommand.h
Listing C:/Users/trbin/Documents/GitHub/ASTRA_Arm_Inverse_Kinematics_Pre-Calculator/ArmIK/packages/matlab_msg_gen_ros1/win64/devel/lib/site-packages/arm_relay ...
Listing C:/Users/trbin/Documents/GitHub/ASTRA_Arm_Inverse_Kinematics_Pre-Calculator/ArmIK/packages/matlab_msg_gen_ros1/win64/devel/lib/site-packages/arm_relay\msg ...
Listing C:/Users/trbin/Documents/GitHub/ASTRA_Arm_Inverse_Kinematics_Pre-Calculator/ArmIK/packages/matlab_msg_gen_ros1/win64/devel/lib/site-packages/arm_relay\srv ...
-- Up-to-date: C:/Users/trbin/Documents/GitHub/ASTRA_Arm_Inverse_Kinematics_Pre-Calculator/ArmIK/packages/matlab_msg_gen_ros1/win64/install/lib/site-packages/arm_relay
-- Up-to-date: C:/Users/trbin/Documents/GitHub/ASTRA_Arm_Inverse_Kinematics_Pre-Calculator/ArmIK/packages/matlab_msg_gen_ros1/win64/install/lib/site-packages/arm_relay/msg
-- Up-to-date: C:/Users/trbin/Documents/GitHub/ASTRA_Arm_Inverse_Kinematics_Pre-Calculator/ArmIK/packages/matlab_msg_gen_ros1/win64/install/lib/site-packages/arm_relay/msg/_ActuatorFeedback.py
-- Up-to-date: C:/Users/trbin/Documents/GitHub/ASTRA_Arm_Inverse_Kinematics_Pre-Calculator/ArmIK/packages/matlab_msg_gen_ros1/win64/install/lib/site-packages/arm_relay/msg/_ActuatorFeedback.pyc
-- Up-to-date: C:/Users/trbin/Documents/GitHub/ASTRA_Arm_Inverse_Kinematics_Pre-Calculator/ArmIK/packages/matlab_msg_gen_ros1/win64/install/lib/site-packages/arm_relay/msg/_JointRateCommand.py
-- Up-to-date: C:/Users/trbin/Documents/GitHub/ASTRA_Arm_Inverse_Kinematics_Pre-Calculator/ArmIK/packages/matlab_msg_gen_ros1/win64/install/lib/site-packages/arm_relay/msg/_JointRateCommand.pyc
-- Up-to-date: C:/Users/trbin/Documents/GitHub/ASTRA_Arm_Inverse_Kinematics_Pre-Calculator/ArmIK/packages/matlab_msg_gen_ros1/win64/install/lib/site-packages/arm_relay/msg/__init__.py
-- Up-to-date: C:/Users/trbin/Documents/GitHub/ASTRA_Arm_Inverse_Kinematics_Pre-Calculator/ArmIK/packages/matlab_msg_gen_ros1/win64/install/lib/site-packages/arm_relay/msg/__init__.pyc
-- Up-to-date: C:/Users/trbin/Documents/GitHub/ASTRA_Arm_Inverse_Kinematics_Pre-Calculator/ArmIK/packages/matlab_msg_gen_ros1/win64/install/lib/site-packages/arm_relay/srv
-- Up-to-date: C:/Users/trbin/Documents/GitHub/ASTRA_Arm_Inverse_Kinematics_Pre-Calculator/ArmIK/packages/matlab_msg_gen_ros1/win64/install/lib/site-packages/arm_relay/srv/_EnableActuators.py
-- Up-to-date: C:/Users/trbin/Documents/GitHub/ASTRA_Arm_Inverse_Kinematics_Pre-Calculator/ArmIK/packages/matlab_msg_gen_ros1/win64/install/lib/site-packages/arm_relay/srv/_EnableActuators.pyc
-- Up-to-date: C:/Users/trbin/Documents/GitHub/ASTRA_Arm_Inverse_Kinematics_Pre-Calculator/ArmIK/packages/matlab_msg_gen_ros1/win64/install/lib/site-packages/arm_relay/srv/_HomeArmBase.py
-- Up-to-date: C:/Users/trbin/Documents/GitHub/ASTRA_Arm_Inverse_Kinematics_Pre-Calculator/ArmIK/packages/matlab_msg_gen_ros1/win64/install/lib/site-packages/arm_relay/srv/_HomeArmBase.pyc
-- Up-to-date: C:/Users/trbin/Documents/GitHub/ASTRA_Arm_Inverse_Kinematics_Pre-Calculator/ArmIK/packages/matlab_msg_gen_ros1/win64/install/lib/site-packages/arm_relay/srv/__init__.py
-- Up-to-date: C:/Users/trbin/Documents/GitHub/ASTRA_Arm_Inverse_Kinematics_Pre-Calculator/ArmIK/packages/matlab_msg_gen_ros1/win64/install/lib/site-packages/arm_relay/srv/__init__.pyc
-- Up-to-date: C:/Users/trbin/Documents/GitHub/ASTRA_Arm_Inverse_Kinematics_Pre-Calculator/ArmIK/packages/matlab_msg_gen_ros1/win64/install/lib/site-packages/arm_relay/__init__.py
-- Up-to-date: C:/Users/trbin/Documents/GitHub/ASTRA_Arm_Inverse_Kinematics_Pre-Calculator/ArmIK/packages/matlab_msg_gen_ros1/win64/install/lib/site-packages/arm_relay/__init__.pyc
-- Installing: C:/Users/trbin/Documents/GitHub/ASTRA_Arm_Inverse_Kinematics_Pre-Calculator/ArmIK/packages/matlab_msg_gen_ros1/win64/install/lib/pkgconfig/arm_relay.pc
-- Up-to-date: C:/Users/trbin/Documents/GitHub/ASTRA_Arm_Inverse_Kinematics_Pre-Calculator/ArmIK/packages/matlab_msg_gen_ros1/win64/install/share/arm_relay/cmake/arm_relay-msg-extras.cmake
-- Up-to-date: C:/Users/trbin/Documents/GitHub/ASTRA_Arm_Inverse_Kinematics_Pre-Calculator/ArmIK/packages/matlab_msg_gen_ros1/win64/install/share/arm_relay/cmake/arm_relayConfig.cmake
-- Up-to-date: C:/Users/trbin/Documents/GitHub/ASTRA_Arm_Inverse_Kinematics_Pre-Calculator/ArmIK/packages/matlab_msg_gen_ros1/win64/install/share/arm_relay/cmake/arm_relayConfig-version.cmake
-- Installing: C:/Users/trbin/Documents/GitHub/ASTRA_Arm_Inverse_Kinematics_Pre-Calculator/ArmIK/packages/matlab_msg_gen_ros1/win64/install/share/arm_relay/package.xml
-- Up-to-date: C:/Users/trbin/Documents/GitHub/ASTRA_Arm_Inverse_Kinematics_Pre-Calculator/ArmIK/packages/matlab_msg_gen_ros1/win64/install/include
-- Up-to-date: C:/Users/trbin/Documents/GitHub/ASTRA_Arm_Inverse_Kinematics_Pre-Calculator/ArmIK/packages/matlab_msg_gen_ros1/win64/install/include/arm_relay
-- Up-to-date: C:/Users/trbin/Documents/GitHub/ASTRA_Arm_Inverse_Kinematics_Pre-Calculator/ArmIK/packages/matlab_msg_gen_ros1/win64/install/include/arm_relay/visibility_control.h
-- Up-to-date: C:/Users/trbin/Documents/GitHub/ASTRA_Arm_Inverse_Kinematics_Pre-Calculator/ArmIK/packages/matlab_msg_gen_ros1/win64/install/lib/arm_relay_matlab.lib
-- Up-to-date: C:/Users/trbin/Documents/GitHub/ASTRA_Arm_Inverse_Kinematics_Pre-Calculator/ArmIK/packages/matlab_msg_gen_ros1/win64/install/bin/arm_relay_matlab.dll
-- Up-to-date: C:/Users/trbin/Documents/GitHub/ASTRA_Arm_Inverse_Kinematics_Pre-Calculator/ArmIK/packages/matlab_msg_gen_ros1/win64/install/m/
-- Up-to-date: C:/Users/trbin/Documents/GitHub/ASTRA_Arm_Inverse_Kinematics_Pre-Calculator/ArmIK/packages/matlab_msg_gen_ros1/win64/install/m//+ros
-- Up-to-date: C:/Users/trbin/Documents/GitHub/ASTRA_Arm_Inverse_Kinematics_Pre-Calculator/ArmIK/packages/matlab_msg_gen_ros1/win64/install/m//+ros/+internal
-- Up-to-date: C:/Users/trbin/Documents/GitHub/ASTRA_Arm_Inverse_Kinematics_Pre-Calculator/ArmIK/packages/matlab_msg_gen_ros1/win64/install/m//+ros/+internal/+ros
-- Up-to-date: C:/Users/trbin/Documents/GitHub/ASTRA_Arm_Inverse_Kinematics_Pre-Calculator/ArmIK/packages/matlab_msg_gen_ros1/win64/install/m//+ros/+internal/+ros/+custommessages
-- Up-to-date: C:/Users/trbin/Documents/GitHub/ASTRA_Arm_Inverse_Kinematics_Pre-Calculator/ArmIK/packages/matlab_msg_gen_ros1/win64/install/m//+ros/+internal/+ros/+custommessages/+arm_relay
-- Up-to-date: C:/Users/trbin/Documents/GitHub/ASTRA_Arm_Inverse_Kinematics_Pre-Calculator/ArmIK/packages/matlab_msg_gen_ros1/win64/install/m//+ros/+internal/+ros/+custommessages/+arm_relay/actuatorFeedback.m
-- Up-to-date: C:/Users/trbin/Documents/GitHub/ASTRA_Arm_Inverse_Kinematics_Pre-Calculator/ArmIK/packages/matlab_msg_gen_ros1/win64/install/m//+ros/+internal/+ros/+custommessages/+arm_relay/enableActuatorsRequest.m
-- Up-to-date: C:/Users/trbin/Documents/GitHub/ASTRA_Arm_Inverse_Kinematics_Pre-Calculator/ArmIK/packages/matlab_msg_gen_ros1/win64/install/m//+ros/+internal/+ros/+custommessages/+arm_relay/enableActuatorsResponse.m
-- Up-to-date: C:/Users/trbin/Documents/GitHub/ASTRA_Arm_Inverse_Kinematics_Pre-Calculator/ArmIK/packages/matlab_msg_gen_ros1/win64/install/m//+ros/+internal/+ros/+custommessages/+arm_relay/homeArmBaseRequest.m
-- Up-to-date: C:/Users/trbin/Documents/GitHub/ASTRA_Arm_Inverse_Kinematics_Pre-Calculator/ArmIK/packages/matlab_msg_gen_ros1/win64/install/m//+ros/+internal/+ros/+custommessages/+arm_relay/homeArmBaseResponse.m
-- Up-to-date: C:/Users/trbin/Documents/GitHub/ASTRA_Arm_Inverse_Kinematics_Pre-Calculator/ArmIK/packages/matlab_msg_gen_ros1/win64/install/m//+ros/+internal/+ros/+custommessages/+arm_relay/jointRateCommand.m
-- Up-to-date: C:/Users/trbin/Documents/GitHub/ASTRA_Arm_Inverse_Kinematics_Pre-Calculator/ArmIK/packages/matlab_msg_gen_ros1/win64/install/m//+ros/+msggen
-- Up-to-date: C:/Users/trbin/Documents/GitHub/ASTRA_Arm_Inverse_Kinematics_Pre-Calculator/ArmIK/packages/matlab_msg_gen_ros1/win64/install/m//+ros/+msggen/+arm_relay
-- Up-to-date: C:/Users/trbin/Documents/GitHub/ASTRA_Arm_Inverse_Kinematics_Pre-Calculator/ArmIK/packages/matlab_msg_gen_ros1/win64/install/m//+ros/+msggen/+arm_relay/ActuatorFeedback.m
-- Up-to-date: C:/Users/trbin/Documents/GitHub/ASTRA_Arm_Inverse_Kinematics_Pre-Calculator/ArmIK/packages/matlab_msg_gen_ros1/win64/install/m//+ros/+msggen/+arm_relay/EnableActuatorsRequest.m
-- Up-to-date: C:/Users/trbin/Documents/GitHub/ASTRA_Arm_Inverse_Kinematics_Pre-Calculator/ArmIK/packages/matlab_msg_gen_ros1/win64/install/m//+ros/+msggen/+arm_relay/EnableActuatorsResponse.m
-- Up-to-date: C:/Users/trbin/Documents/GitHub/ASTRA_Arm_Inverse_Kinematics_Pre-Calculator/ArmIK/packages/matlab_msg_gen_ros1/win64/install/m//+ros/+msggen/+arm_relay/HomeArmBaseRequest.m
-- Up-to-date: C:/Users/trbin/Documents/GitHub/ASTRA_Arm_Inverse_Kinematics_Pre-Calculator/ArmIK/packages/matlab_msg_gen_ros1/win64/install/m//+ros/+msggen/+arm_relay/HomeArmBaseResponse.m
-- Up-to-date: C:/Users/trbin/Documents/GitHub/ASTRA_Arm_Inverse_Kinematics_Pre-Calculator/ArmIK/packages/matlab_msg_gen_ros1/win64/install/m//+ros/+msggen/+arm_relay/JointRateCommand.m
-- Up-to-date: C:/Users/trbin/Documents/GitHub/ASTRA_Arm_Inverse_Kinematics_Pre-Calculator/ArmIK/packages/matlab_msg_gen_ros1/win64/install/share/end_effector_control/msg/ActuatorFeedback.msg
-- Up-to-date: C:/Users/trbin/Documents/GitHub/ASTRA_Arm_Inverse_Kinematics_Pre-Calculator/ArmIK/packages/matlab_msg_gen_ros1/win64/install/share/end_effector_control/msg/JointRateCommand.msg
-- Up-to-date: C:/Users/trbin/Documents/GitHub/ASTRA_Arm_Inverse_Kinematics_Pre-Calculator/ArmIK/packages/matlab_msg_gen_ros1/win64/install/share/end_effector_control/srv/EnableServos.srv
-- Up-to-date: C:/Users/trbin/Documents/GitHub/ASTRA_Arm_Inverse_Kinematics_Pre-Calculator/ArmIK/packages/matlab_msg_gen_ros1/win64/install/share/end_effector_control/srv/Home.srv
-- Up-to-date: C:/Users/trbin/Documents/GitHub/ASTRA_Arm_Inverse_Kinematics_Pre-Calculator/ArmIK/packages/matlab_msg_gen_ros1/win64/install/share/end_effector_control/cmake/end_effector_control-msg-paths.cmake
-- Up-to-date: C:/Users/trbin/Documents/GitHub/ASTRA_Arm_Inverse_Kinematics_Pre-Calculator/ArmIK/packages/matlab_msg_gen_ros1/win64/install/include/end_effector_control
-- Up-to-date: C:/Users/trbin/Documents/GitHub/ASTRA_Arm_Inverse_Kinematics_Pre-Calculator/ArmIK/packages/matlab_msg_gen_ros1/win64/install/include/end_effector_control/ActuatorFeedback.h
-- Up-to-date: C:/Users/trbin/Documents/GitHub/ASTRA_Arm_Inverse_Kinematics_Pre-Calculator/ArmIK/packages/matlab_msg_gen_ros1/win64/install/include/end_effector_control/EnableServos.h
-- Up-to-date: C:/Users/trbin/Documents/GitHub/ASTRA_Arm_Inverse_Kinematics_Pre-Calculator/ArmIK/packages/matlab_msg_gen_ros1/win64/install/include/end_effector_control/EnableServosRequest.h
-- Up-to-date: C:/Users/trbin/Documents/GitHub/ASTRA_Arm_Inverse_Kinematics_Pre-Calculator/ArmIK/packages/matlab_msg_gen_ros1/win64/install/include/end_effector_control/EnableServosResponse.h
-- Up-to-date: C:/Users/trbin/Documents/GitHub/ASTRA_Arm_Inverse_Kinematics_Pre-Calculator/ArmIK/packages/matlab_msg_gen_ros1/win64/install/include/end_effector_control/Home.h
-- Up-to-date: C:/Users/trbin/Documents/GitHub/ASTRA_Arm_Inverse_Kinematics_Pre-Calculator/ArmIK/packages/matlab_msg_gen_ros1/win64/install/include/end_effector_control/HomeRequest.h
-- Up-to-date: C:/Users/trbin/Documents/GitHub/ASTRA_Arm_Inverse_Kinematics_Pre-Calculator/ArmIK/packages/matlab_msg_gen_ros1/win64/install/include/end_effector_control/HomeResponse.h
-- Up-to-date: C:/Users/trbin/Documents/GitHub/ASTRA_Arm_Inverse_Kinematics_Pre-Calculator/ArmIK/packages/matlab_msg_gen_ros1/win64/install/include/end_effector_control/JointRateCommand.h
Listing C:/Users/trbin/Documents/GitHub/ASTRA_Arm_Inverse_Kinematics_Pre-Calculator/ArmIK/packages/matlab_msg_gen_ros1/win64/devel/lib/site-packages/end_effector_control ...
Listing C:/Users/trbin/Documents/GitHub/ASTRA_Arm_Inverse_Kinematics_Pre-Calculator/ArmIK/packages/matlab_msg_gen_ros1/win64/devel/lib/site-packages/end_effector_control\msg ...
Listing C:/Users/trbin/Documents/GitHub/ASTRA_Arm_Inverse_Kinematics_Pre-Calculator/ArmIK/packages/matlab_msg_gen_ros1/win64/devel/lib/site-packages/end_effector_control\srv ...
-- Up-to-date: C:/Users/trbin/Documents/GitHub/ASTRA_Arm_Inverse_Kinematics_Pre-Calculator/ArmIK/packages/matlab_msg_gen_ros1/win64/install/lib/site-packages/end_effector_control
-- Up-to-date: C:/Users/trbin/Documents/GitHub/ASTRA_Arm_Inverse_Kinematics_Pre-Calculator/ArmIK/packages/matlab_msg_gen_ros1/win64/install/lib/site-packages/end_effector_control/msg
-- Up-to-date: C:/Users/trbin/Documents/GitHub/ASTRA_Arm_Inverse_Kinematics_Pre-Calculator/ArmIK/packages/matlab_msg_gen_ros1/win64/install/lib/site-packages/end_effector_control/msg/_ActuatorFeedback.py
-- Up-to-date: C:/Users/trbin/Documents/GitHub/ASTRA_Arm_Inverse_Kinematics_Pre-Calculator/ArmIK/packages/matlab_msg_gen_ros1/win64/install/lib/site-packages/end_effector_control/msg/_ActuatorFeedback.pyc
-- Up-to-date: C:/Users/trbin/Documents/GitHub/ASTRA_Arm_Inverse_Kinematics_Pre-Calculator/ArmIK/packages/matlab_msg_gen_ros1/win64/install/lib/site-packages/end_effector_control/msg/_JointRateCommand.py
-- Up-to-date: C:/Users/trbin/Documents/GitHub/ASTRA_Arm_Inverse_Kinematics_Pre-Calculator/ArmIK/packages/matlab_msg_gen_ros1/win64/install/lib/site-packages/end_effector_control/msg/_JointRateCommand.pyc
-- Up-to-date: C:/Users/trbin/Documents/GitHub/ASTRA_Arm_Inverse_Kinematics_Pre-Calculator/ArmIK/packages/matlab_msg_gen_ros1/win64/install/lib/site-packages/end_effector_control/msg/__init__.py
-- Up-to-date: C:/Users/trbin/Documents/GitHub/ASTRA_Arm_Inverse_Kinematics_Pre-Calculator/ArmIK/packages/matlab_msg_gen_ros1/win64/install/lib/site-packages/end_effector_control/msg/__init__.pyc
-- Up-to-date: C:/Users/trbin/Documents/GitHub/ASTRA_Arm_Inverse_Kinematics_Pre-Calculator/ArmIK/packages/matlab_msg_gen_ros1/win64/install/lib/site-packages/end_effector_control/srv
-- Up-to-date: C:/Users/trbin/Documents/GitHub/ASTRA_Arm_Inverse_Kinematics_Pre-Calculator/ArmIK/packages/matlab_msg_gen_ros1/win64/install/lib/site-packages/end_effector_control/srv/_EnableServos.py
-- Up-to-date: C:/Users/trbin/Documents/GitHub/ASTRA_Arm_Inverse_Kinematics_Pre-Calculator/ArmIK/packages/matlab_msg_gen_ros1/win64/install/lib/site-packages/end_effector_control/srv/_EnableServos.pyc
-- Up-to-date: C:/Users/trbin/Documents/GitHub/ASTRA_Arm_Inverse_Kinematics_Pre-Calculator/ArmIK/packages/matlab_msg_gen_ros1/win64/install/lib/site-packages/end_effector_control/srv/_Home.py
-- Up-to-date: C:/Users/trbin/Documents/GitHub/ASTRA_Arm_Inverse_Kinematics_Pre-Calculator/ArmIK/packages/matlab_msg_gen_ros1/win64/install/lib/site-packages/end_effector_control/srv/_Home.pyc
-- Up-to-date: C:/Users/trbin/Documents/GitHub/ASTRA_Arm_Inverse_Kinematics_Pre-Calculator/ArmIK/packages/matlab_msg_gen_ros1/win64/install/lib/site-packages/end_effector_control/srv/__init__.py
-- Up-to-date: C:/Users/trbin/Documents/GitHub/ASTRA_Arm_Inverse_Kinematics_Pre-Calculator/ArmIK/packages/matlab_msg_gen_ros1/win64/install/lib/site-packages/end_effector_control/srv/__init__.pyc
-- Up-to-date: C:/Users/trbin/Documents/GitHub/ASTRA_Arm_Inverse_Kinematics_Pre-Calculator/ArmIK/packages/matlab_msg_gen_ros1/win64/install/lib/site-packages/end_effector_control/__init__.py
-- Up-to-date: C:/Users/trbin/Documents/GitHub/ASTRA_Arm_Inverse_Kinematics_Pre-Calculator/ArmIK/packages/matlab_msg_gen_ros1/win64/install/lib/site-packages/end_effector_control/__init__.pyc
-- Installing: C:/Users/trbin/Documents/GitHub/ASTRA_Arm_Inverse_Kinematics_Pre-Calculator/ArmIK/packages/matlab_msg_gen_ros1/win64/install/lib/pkgconfig/end_effector_control.pc
-- Up-to-date: C:/Users/trbin/Documents/GitHub/ASTRA_Arm_Inverse_Kinematics_Pre-Calculator/ArmIK/packages/matlab_msg_gen_ros1/win64/install/share/end_effector_control/cmake/end_effector_control-msg-extras.cmake
-- Up-to-date: C:/Users/trbin/Documents/GitHub/ASTRA_Arm_Inverse_Kinematics_Pre-Calculator/ArmIK/packages/matlab_msg_gen_ros1/win64/install/share/end_effector_control/cmake/end_effector_controlConfig.cmake
-- Up-to-date: C:/Users/trbin/Documents/GitHub/ASTRA_Arm_Inverse_Kinematics_Pre-Calculator/ArmIK/packages/matlab_msg_gen_ros1/win64/install/share/end_effector_control/cmake/end_effector_controlConfig-version.cmake
-- Up-to-date: C:/Users/trbin/Documents/GitHub/ASTRA_Arm_Inverse_Kinematics_Pre-Calculator/ArmIK/packages/matlab_msg_gen_ros1/win64/install/share/end_effector_control/package.xml
-- Up-to-date: C:/Users/trbin/Documents/GitHub/ASTRA_Arm_Inverse_Kinematics_Pre-Calculator/ArmIK/packages/matlab_msg_gen_ros1/win64/install/include
-- Up-to-date: C:/Users/trbin/Documents/GitHub/ASTRA_Arm_Inverse_Kinematics_Pre-Calculator/ArmIK/packages/matlab_msg_gen_ros1/win64/install/include/end_effector_control
-- Up-to-date: C:/Users/trbin/Documents/GitHub/ASTRA_Arm_Inverse_Kinematics_Pre-Calculator/ArmIK/packages/matlab_msg_gen_ros1/win64/install/include/end_effector_control/visibility_control.h
-- Up-to-date: C:/Users/trbin/Documents/GitHub/ASTRA_Arm_Inverse_Kinematics_Pre-Calculator/ArmIK/packages/matlab_msg_gen_ros1/win64/install/lib/end_effector_control_matlab.lib
-- Up-to-date: C:/Users/trbin/Documents/GitHub/ASTRA_Arm_Inverse_Kinematics_Pre-Calculator/ArmIK/packages/matlab_msg_gen_ros1/win64/install/bin/end_effector_control_matlab.dll
-- Up-to-date: C:/Users/trbin/Documents/GitHub/ASTRA_Arm_Inverse_Kinematics_Pre-Calculator/ArmIK/packages/matlab_msg_gen_ros1/win64/install/m/
-- Up-to-date: C:/Users/trbin/Documents/GitHub/ASTRA_Arm_Inverse_Kinematics_Pre-Calculator/ArmIK/packages/matlab_msg_gen_ros1/win64/install/m//+ros
-- Up-to-date: C:/Users/trbin/Documents/GitHub/ASTRA_Arm_Inverse_Kinematics_Pre-Calculator/ArmIK/packages/matlab_msg_gen_ros1/win64/install/m//+ros/+internal
-- Up-to-date: C:/Users/trbin/Documents/GitHub/ASTRA_Arm_Inverse_Kinematics_Pre-Calculator/ArmIK/packages/matlab_msg_gen_ros1/win64/install/m//+ros/+internal/+ros
-- Up-to-date: C:/Users/trbin/Documents/GitHub/ASTRA_Arm_Inverse_Kinematics_Pre-Calculator/ArmIK/packages/matlab_msg_gen_ros1/win64/install/m//+ros/+internal/+ros/+custommessages
-- Up-to-date: C:/Users/trbin/Documents/GitHub/ASTRA_Arm_Inverse_Kinematics_Pre-Calculator/ArmIK/packages/matlab_msg_gen_ros1/win64/install/m//+ros/+internal/+ros/+custommessages/+end_effector_control
-- Up-to-date: C:/Users/trbin/Documents/GitHub/ASTRA_Arm_Inverse_Kinematics_Pre-Calculator/ArmIK/packages/matlab_msg_gen_ros1/win64/install/m//+ros/+internal/+ros/+custommessages/+end_effector_control/actuatorFeedback.m
-- Up-to-date: C:/Users/trbin/Documents/GitHub/ASTRA_Arm_Inverse_Kinematics_Pre-Calculator/ArmIK/packages/matlab_msg_gen_ros1/win64/install/m//+ros/+internal/+ros/+custommessages/+end_effector_control/enableServosRequest.m
-- Up-to-date: C:/Users/trbin/Documents/GitHub/ASTRA_Arm_Inverse_Kinematics_Pre-Calculator/ArmIK/packages/matlab_msg_gen_ros1/win64/install/m//+ros/+internal/+ros/+custommessages/+end_effector_control/enableServosResponse.m
-- Up-to-date: C:/Users/trbin/Documents/GitHub/ASTRA_Arm_Inverse_Kinematics_Pre-Calculator/ArmIK/packages/matlab_msg_gen_ros1/win64/install/m//+ros/+internal/+ros/+custommessages/+end_effector_control/homeRequest.m
-- Up-to-date: C:/Users/trbin/Documents/GitHub/ASTRA_Arm_Inverse_Kinematics_Pre-Calculator/ArmIK/packages/matlab_msg_gen_ros1/win64/install/m//+ros/+internal/+ros/+custommessages/+end_effector_control/homeResponse.m
-- Up-to-date: C:/Users/trbin/Documents/GitHub/ASTRA_Arm_Inverse_Kinematics_Pre-Calculator/ArmIK/packages/matlab_msg_gen_ros1/win64/install/m//+ros/+internal/+ros/+custommessages/+end_effector_control/jointRateCommand.m
-- Up-to-date: C:/Users/trbin/Documents/GitHub/ASTRA_Arm_Inverse_Kinematics_Pre-Calculator/ArmIK/packages/matlab_msg_gen_ros1/win64/install/m//+ros/+msggen
-- Up-to-date: C:/Users/trbin/Documents/GitHub/ASTRA_Arm_Inverse_Kinematics_Pre-Calculator/ArmIK/packages/matlab_msg_gen_ros1/win64/install/m//+ros/+msggen/+end_effector_control
-- Up-to-date: C:/Users/trbin/Documents/GitHub/ASTRA_Arm_Inverse_Kinematics_Pre-Calculator/ArmIK/packages/matlab_msg_gen_ros1/win64/install/m//+ros/+msggen/+end_effector_control/ActuatorFeedback.m
-- Up-to-date: C:/Users/trbin/Documents/GitHub/ASTRA_Arm_Inverse_Kinematics_Pre-Calculator/ArmIK/packages/matlab_msg_gen_ros1/win64/install/m//+ros/+msggen/+end_effector_control/EnableServosRequest.m
-- Up-to-date: C:/Users/trbin/Documents/GitHub/ASTRA_Arm_Inverse_Kinematics_Pre-Calculator/ArmIK/packages/matlab_msg_gen_ros1/win64/install/m//+ros/+msggen/+end_effector_control/EnableServosResponse.m
-- Up-to-date: C:/Users/trbin/Documents/GitHub/ASTRA_Arm_Inverse_Kinematics_Pre-Calculator/ArmIK/packages/matlab_msg_gen_ros1/win64/install/m//+ros/+msggen/+end_effector_control/HomeRequest.m
-- Up-to-date: C:/Users/trbin/Documents/GitHub/ASTRA_Arm_Inverse_Kinematics_Pre-Calculator/ArmIK/packages/matlab_msg_gen_ros1/win64/install/m//+ros/+msggen/+end_effector_control/HomeResponse.m
-- Up-to-date: C:/Users/trbin/Documents/GitHub/ASTRA_Arm_Inverse_Kinematics_Pre-Calculator/ArmIK/packages/matlab_msg_gen_ros1/win64/install/m//+ros/+msggen/+end_effector_control/JointRateCommand.m
-- Installing: C:/Users/trbin/Documents/GitHub/ASTRA_Arm_Inverse_Kinematics_Pre-Calculator/ArmIK/packages/matlab_msg_gen_ros1/win64/install/share/endeffector_controller/msg/ActuatorFeedback.msg
-- Installing: C:/Users/trbin/Documents/GitHub/ASTRA_Arm_Inverse_Kinematics_Pre-Calculator/ArmIK/packages/matlab_msg_gen_ros1/win64/install/share/endeffector_controller/msg/JointRateCommand.msg
-- Installing: C:/Users/trbin/Documents/GitHub/ASTRA_Arm_Inverse_Kinematics_Pre-Calculator/ArmIK/packages/matlab_msg_gen_ros1/win64/install/share/endeffector_controller/srv/EnableServos.srv
-- Installing: C:/Users/trbin/Documents/GitHub/ASTRA_Arm_Inverse_Kinematics_Pre-Calculator/ArmIK/packages/matlab_msg_gen_ros1/win64/install/share/endeffector_controller/srv/Home.srv
-- Installing: C:/Users/trbin/Documents/GitHub/ASTRA_Arm_Inverse_Kinematics_Pre-Calculator/ArmIK/packages/matlab_msg_gen_ros1/win64/install/share/endeffector_controller/cmake/endeffector_controller-msg-paths.cmake
-- Installing: C:/Users/trbin/Documents/GitHub/ASTRA_Arm_Inverse_Kinematics_Pre-Calculator/ArmIK/packages/matlab_msg_gen_ros1/win64/install/include/endeffector_controller
-- Installing: C:/Users/trbin/Documents/GitHub/ASTRA_Arm_Inverse_Kinematics_Pre-Calculator/ArmIK/packages/matlab_msg_gen_ros1/win64/install/include/endeffector_controller/ActuatorFeedback.h
-- Installing: C:/Users/trbin/Documents/GitHub/ASTRA_Arm_Inverse_Kinematics_Pre-Calculator/ArmIK/packages/matlab_msg_gen_ros1/win64/install/include/endeffector_controller/EnableServos.h
-- Installing: C:/Users/trbin/Documents/GitHub/ASTRA_Arm_Inverse_Kinematics_Pre-Calculator/ArmIK/packages/matlab_msg_gen_ros1/win64/install/include/endeffector_controller/EnableServosRequest.h
-- Installing: C:/Users/trbin/Documents/GitHub/ASTRA_Arm_Inverse_Kinematics_Pre-Calculator/ArmIK/packages/matlab_msg_gen_ros1/win64/install/include/endeffector_controller/EnableServosResponse.h
-- Installing: C:/Users/trbin/Documents/GitHub/ASTRA_Arm_Inverse_Kinematics_Pre-Calculator/ArmIK/packages/matlab_msg_gen_ros1/win64/install/include/endeffector_controller/Home.h
-- Installing: C:/Users/trbin/Documents/GitHub/ASTRA_Arm_Inverse_Kinematics_Pre-Calculator/ArmIK/packages/matlab_msg_gen_ros1/win64/install/include/endeffector_controller/HomeRequest.h
-- Installing: C:/Users/trbin/Documents/GitHub/ASTRA_Arm_Inverse_Kinematics_Pre-Calculator/ArmIK/packages/matlab_msg_gen_ros1/win64/install/include/endeffector_controller/HomeResponse.h
-- Installing: C:/Users/trbin/Documents/GitHub/ASTRA_Arm_Inverse_Kinematics_Pre-Calculator/ArmIK/packages/matlab_msg_gen_ros1/win64/install/include/endeffector_controller/JointRateCommand.h
Listing C:/Users/trbin/Documents/GitHub/ASTRA_Arm_Inverse_Kinematics_Pre-Calculator/ArmIK/packages/matlab_msg_gen_ros1/win64/devel/lib/site-packages/endeffector_controller ...
Compiling C:/Users/trbin/Documents/GitHub/ASTRA_Arm_Inverse_Kinematics_Pre-Calculator/ArmIK/packages/matlab_msg_gen_ros1/win64/devel/lib/site-packages/endeffector_controller\__init__.py ...
Listing C:/Users/trbin/Documents/GitHub/ASTRA_Arm_Inverse_Kinematics_Pre-Calculator/ArmIK/packages/matlab_msg_gen_ros1/win64/devel/lib/site-packages/endeffector_controller\msg ...
Compiling C:/Users/trbin/Documents/GitHub/ASTRA_Arm_Inverse_Kinematics_Pre-Calculator/ArmIK/packages/matlab_msg_gen_ros1/win64/devel/lib/site-packages/endeffector_controller\msg\_ActuatorFeedback.py ...
Compiling C:/Users/trbin/Documents/GitHub/ASTRA_Arm_Inverse_Kinematics_Pre-Calculator/ArmIK/packages/matlab_msg_gen_ros1/win64/devel/lib/site-packages/endeffector_controller\msg\_JointRateCommand.py ...
Compiling C:/Users/trbin/Documents/GitHub/ASTRA_Arm_Inverse_Kinematics_Pre-Calculator/ArmIK/packages/matlab_msg_gen_ros1/win64/devel/lib/site-packages/endeffector_controller\msg\__init__.py ...
Listing C:/Users/trbin/Documents/GitHub/ASTRA_Arm_Inverse_Kinematics_Pre-Calculator/ArmIK/packages/matlab_msg_gen_ros1/win64/devel/lib/site-packages/endeffector_controller\srv ...
Compiling C:/Users/trbin/Documents/GitHub/ASTRA_Arm_Inverse_Kinematics_Pre-Calculator/ArmIK/packages/matlab_msg_gen_ros1/win64/devel/lib/site-packages/endeffector_controller\srv\_EnableServos.py ...
Compiling C:/Users/trbin/Documents/GitHub/ASTRA_Arm_Inverse_Kinematics_Pre-Calculator/ArmIK/packages/matlab_msg_gen_ros1/win64/devel/lib/site-packages/endeffector_controller\srv\_Home.py ...
Compiling C:/Users/trbin/Documents/GitHub/ASTRA_Arm_Inverse_Kinematics_Pre-Calculator/ArmIK/packages/matlab_msg_gen_ros1/win64/devel/lib/site-packages/endeffector_controller\srv\__init__.py ...
-- Installing: C:/Users/trbin/Documents/GitHub/ASTRA_Arm_Inverse_Kinematics_Pre-Calculator/ArmIK/packages/matlab_msg_gen_ros1/win64/install/lib/site-packages/endeffector_controller
-- Installing: C:/Users/trbin/Documents/GitHub/ASTRA_Arm_Inverse_Kinematics_Pre-Calculator/ArmIK/packages/matlab_msg_gen_ros1/win64/install/lib/site-packages/endeffector_controller/msg
-- Installing: C:/Users/trbin/Documents/GitHub/ASTRA_Arm_Inverse_Kinematics_Pre-Calculator/ArmIK/packages/matlab_msg_gen_ros1/win64/install/lib/site-packages/endeffector_controller/msg/_ActuatorFeedback.py
-- Installing: C:/Users/trbin/Documents/GitHub/ASTRA_Arm_Inverse_Kinematics_Pre-Calculator/ArmIK/packages/matlab_msg_gen_ros1/win64/install/lib/site-packages/endeffector_controller/msg/_ActuatorFeedback.pyc
-- Installing: C:/Users/trbin/Documents/GitHub/ASTRA_Arm_Inverse_Kinematics_Pre-Calculator/ArmIK/packages/matlab_msg_gen_ros1/win64/install/lib/site-packages/endeffector_controller/msg/_JointRateCommand.py
-- Installing: C:/Users/trbin/Documents/GitHub/ASTRA_Arm_Inverse_Kinematics_Pre-Calculator/ArmIK/packages/matlab_msg_gen_ros1/win64/install/lib/site-packages/endeffector_controller/msg/_JointRateCommand.pyc
-- Installing: C:/Users/trbin/Documents/GitHub/ASTRA_Arm_Inverse_Kinematics_Pre-Calculator/ArmIK/packages/matlab_msg_gen_ros1/win64/install/lib/site-packages/endeffector_controller/msg/__init__.py
-- Installing: C:/Users/trbin/Documents/GitHub/ASTRA_Arm_Inverse_Kinematics_Pre-Calculator/ArmIK/packages/matlab_msg_gen_ros1/win64/install/lib/site-packages/endeffector_controller/msg/__init__.pyc
-- Installing: C:/Users/trbin/Documents/GitHub/ASTRA_Arm_Inverse_Kinematics_Pre-Calculator/ArmIK/packages/matlab_msg_gen_ros1/win64/install/lib/site-packages/endeffector_controller/srv
-- Installing: C:/Users/trbin/Documents/GitHub/ASTRA_Arm_Inverse_Kinematics_Pre-Calculator/ArmIK/packages/matlab_msg_gen_ros1/win64/install/lib/site-packages/endeffector_controller/srv/_EnableServos.py
-- Installing: C:/Users/trbin/Documents/GitHub/ASTRA_Arm_Inverse_Kinematics_Pre-Calculator/ArmIK/packages/matlab_msg_gen_ros1/win64/install/lib/site-packages/endeffector_controller/srv/_EnableServos.pyc
-- Installing: C:/Users/trbin/Documents/GitHub/ASTRA_Arm_Inverse_Kinematics_Pre-Calculator/ArmIK/packages/matlab_msg_gen_ros1/win64/install/lib/site-packages/endeffector_controller/srv/_Home.py
-- Installing: C:/Users/trbin/Documents/GitHub/ASTRA_Arm_Inverse_Kinematics_Pre-Calculator/ArmIK/packages/matlab_msg_gen_ros1/win64/install/lib/site-packages/endeffector_controller/srv/_Home.pyc
-- Installing: C:/Users/trbin/Documents/GitHub/ASTRA_Arm_Inverse_Kinematics_Pre-Calculator/ArmIK/packages/matlab_msg_gen_ros1/win64/install/lib/site-packages/endeffector_controller/srv/__init__.py
-- Installing: C:/Users/trbin/Documents/GitHub/ASTRA_Arm_Inverse_Kinematics_Pre-Calculator/ArmIK/packages/matlab_msg_gen_ros1/win64/install/lib/site-packages/endeffector_controller/srv/__init__.pyc
-- Installing: C:/Users/trbin/Documents/GitHub/ASTRA_Arm_Inverse_Kinematics_Pre-Calculator/ArmIK/packages/matlab_msg_gen_ros1/win64/install/lib/site-packages/endeffector_controller/__init__.py
-- Installing: C:/Users/trbin/Documents/GitHub/ASTRA_Arm_Inverse_Kinematics_Pre-Calculator/ArmIK/packages/matlab_msg_gen_ros1/win64/install/lib/site-packages/endeffector_controller/__init__.pyc
-- Installing: C:/Users/trbin/Documents/GitHub/ASTRA_Arm_Inverse_Kinematics_Pre-Calculator/ArmIK/packages/matlab_msg_gen_ros1/win64/install/lib/pkgconfig/endeffector_controller.pc
-- Installing: C:/Users/trbin/Documents/GitHub/ASTRA_Arm_Inverse_Kinematics_Pre-Calculator/ArmIK/packages/matlab_msg_gen_ros1/win64/install/share/endeffector_controller/cmake/endeffector_controller-msg-extras.cmake
-- Installing: C:/Users/trbin/Documents/GitHub/ASTRA_Arm_Inverse_Kinematics_Pre-Calculator/ArmIK/packages/matlab_msg_gen_ros1/win64/install/share/endeffector_controller/cmake/endeffector_controllerConfig.cmake
-- Installing: C:/Users/trbin/Documents/GitHub/ASTRA_Arm_Inverse_Kinematics_Pre-Calculator/ArmIK/packages/matlab_msg_gen_ros1/win64/install/share/endeffector_controller/cmake/endeffector_controllerConfig-version.cmake
-- Installing: C:/Users/trbin/Documents/GitHub/ASTRA_Arm_Inverse_Kinematics_Pre-Calculator/ArmIK/packages/matlab_msg_gen_ros1/win64/install/share/endeffector_controller/package.xml
-- Up-to-date: C:/Users/trbin/Documents/GitHub/ASTRA_Arm_Inverse_Kinematics_Pre-Calculator/ArmIK/packages/matlab_msg_gen_ros1/win64/install/include
-- Up-to-date: C:/Users/trbin/Documents/GitHub/ASTRA_Arm_Inverse_Kinematics_Pre-Calculator/ArmIK/packages/matlab_msg_gen_ros1/win64/install/include/endeffector_controller
-- Installing: C:/Users/trbin/Documents/GitHub/ASTRA_Arm_Inverse_Kinematics_Pre-Calculator/ArmIK/packages/matlab_msg_gen_ros1/win64/install/include/endeffector_controller/visibility_control.h
-- Installing: C:/Users/trbin/Documents/GitHub/ASTRA_Arm_Inverse_Kinematics_Pre-Calculator/ArmIK/packages/matlab_msg_gen_ros1/win64/install/lib/endeffector_controller_matlab.lib
-- Installing: C:/Users/trbin/Documents/GitHub/ASTRA_Arm_Inverse_Kinematics_Pre-Calculator/ArmIK/packages/matlab_msg_gen_ros1/win64/install/bin/endeffector_controller_matlab.dll
-- Up-to-date: C:/Users/trbin/Documents/GitHub/ASTRA_Arm_Inverse_Kinematics_Pre-Calculator/ArmIK/packages/matlab_msg_gen_ros1/win64/install/m/
-- Up-to-date: C:/Users/trbin/Documents/GitHub/ASTRA_Arm_Inverse_Kinematics_Pre-Calculator/ArmIK/packages/matlab_msg_gen_ros1/win64/install/m//+ros
-- Up-to-date: C:/Users/trbin/Documents/GitHub/ASTRA_Arm_Inverse_Kinematics_Pre-Calculator/ArmIK/packages/matlab_msg_gen_ros1/win64/install/m//+ros/+internal
-- Up-to-date: C:/Users/trbin/Documents/GitHub/ASTRA_Arm_Inverse_Kinematics_Pre-Calculator/ArmIK/packages/matlab_msg_gen_ros1/win64/install/m//+ros/+internal/+ros
-- Up-to-date: C:/Users/trbin/Documents/GitHub/ASTRA_Arm_Inverse_Kinematics_Pre-Calculator/ArmIK/packages/matlab_msg_gen_ros1/win64/install/m//+ros/+internal/+ros/+custommessages
-- Installing: C:/Users/trbin/Documents/GitHub/ASTRA_Arm_Inverse_Kinematics_Pre-Calculator/ArmIK/packages/matlab_msg_gen_ros1/win64/install/m//+ros/+internal/+ros/+custommessages/+endeffector_controller
-- Installing: C:/Users/trbin/Documents/GitHub/ASTRA_Arm_Inverse_Kinematics_Pre-Calculator/ArmIK/packages/matlab_msg_gen_ros1/win64/install/m//+ros/+internal/+ros/+custommessages/+endeffector_controller/actuatorFeedback.m
-- Installing: C:/Users/trbin/Documents/GitHub/ASTRA_Arm_Inverse_Kinematics_Pre-Calculator/ArmIK/packages/matlab_msg_gen_ros1/win64/install/m//+ros/+internal/+ros/+custommessages/+endeffector_controller/enableServosRequest.m
-- Installing: C:/Users/trbin/Documents/GitHub/ASTRA_Arm_Inverse_Kinematics_Pre-Calculator/ArmIK/packages/matlab_msg_gen_ros1/win64/install/m//+ros/+internal/+ros/+custommessages/+endeffector_controller/enableServosResponse.m
-- Installing: C:/Users/trbin/Documents/GitHub/ASTRA_Arm_Inverse_Kinematics_Pre-Calculator/ArmIK/packages/matlab_msg_gen_ros1/win64/install/m//+ros/+internal/+ros/+custommessages/+endeffector_controller/homeRequest.m
-- Installing: C:/Users/trbin/Documents/GitHub/ASTRA_Arm_Inverse_Kinematics_Pre-Calculator/ArmIK/packages/matlab_msg_gen_ros1/win64/install/m//+ros/+internal/+ros/+custommessages/+endeffector_controller/homeResponse.m
-- Installing: C:/Users/trbin/Documents/GitHub/ASTRA_Arm_Inverse_Kinematics_Pre-Calculator/ArmIK/packages/matlab_msg_gen_ros1/win64/install/m//+ros/+internal/+ros/+custommessages/+endeffector_controller/jointRateCommand.m
-- Up-to-date: C:/Users/trbin/Documents/GitHub/ASTRA_Arm_Inverse_Kinematics_Pre-Calculator/ArmIK/packages/matlab_msg_gen_ros1/win64/install/m//+ros/+msggen
-- Installing: C:/Users/trbin/Documents/GitHub/ASTRA_Arm_Inverse_Kinematics_Pre-Calculator/ArmIK/packages/matlab_msg_gen_ros1/win64/install/m//+ros/+msggen/+endeffector_controller
-- Installing: C:/Users/trbin/Documents/GitHub/ASTRA_Arm_Inverse_Kinematics_Pre-Calculator/ArmIK/packages/matlab_msg_gen_ros1/win64/install/m//+ros/+msggen/+endeffector_controller/ActuatorFeedback.m
-- Installing: C:/Users/trbin/Documents/GitHub/ASTRA_Arm_Inverse_Kinematics_Pre-Calculator/ArmIK/packages/matlab_msg_gen_ros1/win64/install/m//+ros/+msggen/+endeffector_controller/EnableServosRequest.m
-- Installing: C:/Users/trbin/Documents/GitHub/ASTRA_Arm_Inverse_Kinematics_Pre-Calculator/ArmIK/packages/matlab_msg_gen_ros1/win64/install/m//+ros/+msggen/+endeffector_controller/EnableServosResponse.m
-- Installing: C:/Users/trbin/Documents/GitHub/ASTRA_Arm_Inverse_Kinematics_Pre-Calculator/ArmIK/packages/matlab_msg_gen_ros1/win64/install/m//+ros/+msggen/+endeffector_controller/HomeRequest.m
-- Installing: C:/Users/trbin/Documents/GitHub/ASTRA_Arm_Inverse_Kinematics_Pre-Calculator/ArmIK/packages/matlab_msg_gen_ros1/win64/install/m//+ros/+msggen/+endeffector_controller/HomeResponse.m
-- Installing: C:/Users/trbin/Documents/GitHub/ASTRA_Arm_Inverse_Kinematics_Pre-Calculator/ArmIK/packages/matlab_msg_gen_ros1/win64/install/m//+ros/+msggen/+endeffector_controller/JointRateCommand.m
Base path: C:\Users\trbin\Documents\GitHub\ASTRA_Arm_Inverse_Kinematics_Pre-Calculator\ArmIK\packages\matlab_msg_gen_ros1\win64
Source space: C:\Users\trbin\Documents\GitHub\ASTRA_Arm_Inverse_Kinematics_Pre-Calculator\ArmIK\packages\matlab_msg_gen_ros1\win64\src
Build space: C:\Users\trbin\Documents\GitHub\ASTRA_Arm_Inverse_Kinematics_Pre-Calculator\ArmIK\packages\matlab_msg_gen_ros1\win64\build
Devel space: C:\Users\trbin\Documents\GitHub\ASTRA_Arm_Inverse_Kinematics_Pre-Calculator\ArmIK\packages\matlab_msg_gen_ros1\win64\devel
Install space: C:\Users\trbin\Documents\GitHub\ASTRA_Arm_Inverse_Kinematics_Pre-Calculator\ArmIK\packages\matlab_msg_gen_ros1\win64\install
####
#### Running command: "cmake C:\Users\trbin\Documents\GitHub\ASTRA_Arm_Inverse_Kinematics_Pre-Calculator\ArmIK\packages\matlab_msg_gen_ros1\win64\src -DBoost_NAMESPACE=mwboost -DCATKIN_ENABLE_TESTING=off -DCMAKE_CXX_COMPILER=cl.exe -DCMAKE_C_COMPILER=cl.exe -DCMAKE_LINKER=link.exe -DMSVC_TOOLSET_VERSION=141 -DCMAKE_PREFIX_PATH=C:\Program Files\MATLAB\R2021b\sys\ros1\win64\ros1;C:/Program Files/MATLAB/R2021b/toolbox/ros/mlroscpp/custom_messages -DCMAKE_BUILD_TYPE=Release -DCMAKE_CXX_FLAGS_RELEASE=/MD /Od /Ob2 /DNDEBUG -DCATKIN_DEVEL_PREFIX=C:\Users\trbin\Documents\GitHub\ASTRA_Arm_Inverse_Kinematics_Pre-Calculator\ArmIK\packages\matlab_msg_gen_ros1\win64\devel -DCMAKE_INSTALL_PREFIX=C:\Users\trbin\Documents\GitHub\ASTRA_Arm_Inverse_Kinematics_Pre-Calculator\ArmIK\packages\matlab_msg_gen_ros1\win64\install -G Ninja" in "C:\Users\trbin\Documents\GitHub\ASTRA_Arm_Inverse_Kinematics_Pre-Calculator\ArmIK\packages\matlab_msg_gen_ros1\win64\build"
####
####
#### Running command: "ninja install install -j12 -l12" in "C:\Users\trbin\Documents\GitHub\ASTRA_Arm_Inverse_Kinematics_Pre-Calculator\ArmIK\packages\matlab_msg_gen_ros1\win64\build"
####
